This file contains any messages produced by compilers while
running configure, to aid debugging if configure makes a mistake.

It was created by nxlog-ce configure 2.10.4, which was
generated by GNU Autoconf 2.69.  Invocation command line was

  $ ./configure 

## --------- ##
## Platform. ##
## --------- ##

hostname = itp-25-nb-01
uname -m = x86_64
uname -r = 5.0.0-32-generic
uname -s = Linux
uname -v = #34~18.04.2-Ubuntu SMP Thu Oct 10 10:36:02 UTC 2019

/usr/bin/uname -p = unknown
/bin/uname -X     = unknown

/bin/arch              = unknown
/usr/bin/arch -k       = unknown
/usr/convex/getsysinfo = unknown
/usr/bin/hostinfo      = unknown
/bin/machine           = unknown
/usr/bin/oslevel       = unknown
/bin/universe          = unknown

PATH: /opt/puppetlabs/bin
PATH: /usr/local/sbin
PATH: /usr/local/bin
PATH: /usr/sbin
PATH: /usr/bin
PATH: /sbin
PATH: /bin
PATH: /usr/games
PATH: /usr/local/games
PATH: /snap/bin
PATH: /opt/puppetlabs/bin
PATH: /home/sseitz/src/itp-shellskripts/f5
PATH: /home/sseitz/src/itp-shellskripts/infoblox


## ----------- ##
## Core tests. ##
## ----------- ##

configure:2446: checking build system type
configure:2460: result: x86_64-unknown-linux-gnu
configure:2480: checking host system type
configure:2493: result: x86_64-unknown-linux-gnu
configure:2513: checking target system type
configure:2526: result: x86_64-unknown-linux-gnu
configure:2572: checking for a BSD-compatible install
configure:2640: result: /usr/bin/install -c
configure:2651: checking whether build environment is sane
configure:2706: result: yes
configure:2857: checking for a thread-safe mkdir -p
configure:2896: result: /bin/mkdir -p
configure:2903: checking for gawk
configure:2919: found /usr/bin/gawk
configure:2930: result: gawk
configure:2941: checking whether make sets $(MAKE)
configure:2963: result: yes
configure:2992: checking whether make supports nested variables
configure:3009: result: yes
configure:3098: checking whether UID '1000' is supported by ustar format
configure:3101: result: yes
configure:3108: checking whether GID '1000' is supported by ustar format
configure:3111: result: yes
configure:3119: checking how to create a ustar tar archive
configure:3130: tar --version
tar (GNU tar) 1.29
Copyright (C) 2015 Free Software Foundation, Inc.
License GPLv3+: GNU GPL version 3 or later <http://gnu.org/licenses/gpl.html>.
This is free software: you are free to change and redistribute it.
There is NO WARRANTY, to the extent permitted by law.

Written by John Gilmore and Jay Fenlason.
configure:3133: $? = 0
configure:3173: tardir=conftest.dir && eval tar --format=ustar -chf - "$tardir" >conftest.tar
configure:3176: $? = 0
configure:3180: tar -xf - <conftest.tar
configure:3183: $? = 0
configure:3185: cat conftest.dir/file
GrepMe
configure:3188: $? = 0
configure:3201: result: gnutar
configure:3307: checking for gcc
configure:3323: found /usr/bin/gcc
configure:3334: result: gcc
configure:3563: checking for C compiler version
configure:3572: gcc --version >&5
gcc (Ubuntu 7.4.0-1ubuntu1~18.04.1) 7.4.0
Copyright (C) 2017 Free Software Foundation, Inc.
This is free software; see the source for copying conditions.  There is NO
warranty; not even for MERCHANTABILITY or FITNESS FOR A PARTICULAR PURPOSE.

configure:3583: $? = 0
configure:3572: gcc -v >&5
Using built-in specs.
COLLECT_GCC=gcc
COLLECT_LTO_WRAPPER=/usr/lib/gcc/x86_64-linux-gnu/7/lto-wrapper
OFFLOAD_TARGET_NAMES=nvptx-none
OFFLOAD_TARGET_DEFAULT=1
Target: x86_64-linux-gnu
Configured with: ../src/configure -v --with-pkgversion='Ubuntu 7.4.0-1ubuntu1~18.04.1' --with-bugurl=file:///usr/share/doc/gcc-7/README.Bugs --enable-languages=c,ada,c++,go,brig,d,fortran,objc,obj-c++ --prefix=/usr --with-gcc-major-version-only --program-suffix=-7 --program-prefix=x86_64-linux-gnu- --enable-shared --enable-linker-build-id --libexecdir=/usr/lib --without-included-gettext --enable-threads=posix --libdir=/usr/lib --enable-nls --with-sysroot=/ --enable-clocale=gnu --enable-libstdcxx-debug --enable-libstdcxx-time=yes --with-default-libstdcxx-abi=new --enable-gnu-unique-object --disable-vtable-verify --enable-libmpx --enable-plugin --enable-default-pie --with-system-zlib --with-target-system-zlib --enable-objc-gc=auto --enable-multiarch --disable-werror --with-arch-32=i686 --with-abi=m64 --with-multilib-list=m32,m64,mx32 --enable-multilib --with-tune=generic --enable-offload-targets=nvptx-none --without-cuda-driver --enable-checking=release --build=x86_64-linux-gnu --host=x86_64-linux-gnu --target=x86_64-linux-gnu
Thread model: posix
gcc version 7.4.0 (Ubuntu 7.4.0-1ubuntu1~18.04.1) 
configure:3583: $? = 0
configure:3572: gcc -V >&5
gcc: error: unrecognized command line option '-V'
gcc: fatal error: no input files
compilation terminated.
configure:3583: $? = 1
configure:3572: gcc -qversion >&5
gcc: error: unrecognized command line option '-qversion'; did you mean '--version'?
gcc: fatal error: no input files
compilation terminated.
configure:3583: $? = 1
configure:3603: checking whether the C compiler works
configure:3625: gcc -g -O2 -fdebug-prefix-map=/home/sseitz/src/nxlog-ce-2.10.7=. -fstack-protector-strong -Wformat -Werror=format-security -Wdate-time -D_FORTIFY_SOURCE=2 -Wl,-Bsymbolic-functions -Wl,-z,relro conftest.c  >&5
configure:3629: $? = 0
configure:3677: result: yes
configure:3680: checking for C compiler default output file name
configure:3682: result: a.out
configure:3688: checking for suffix of executables
configure:3695: gcc -o conftest -g -O2 -fdebug-prefix-map=/home/sseitz/src/nxlog-ce-2.10.7=. -fstack-protector-strong -Wformat -Werror=format-security -Wdate-time -D_FORTIFY_SOURCE=2 -Wl,-Bsymbolic-functions -Wl,-z,relro conftest.c  >&5
configure:3699: $? = 0
configure:3721: result: 
configure:3743: checking whether we are cross compiling
configure:3751: gcc -o conftest -g -O2 -fdebug-prefix-map=/home/sseitz/src/nxlog-ce-2.10.7=. -fstack-protector-strong -Wformat -Werror=format-security -Wdate-time -D_FORTIFY_SOURCE=2 -Wl,-Bsymbolic-functions -Wl,-z,relro conftest.c  >&5
configure:3755: $? = 0
configure:3762: ./conftest
configure:3766: $? = 0
configure:3781: result: no
configure:3786: checking for suffix of object files
configure:3808: gcc -c -g -O2 -fdebug-prefix-map=/home/sseitz/src/nxlog-ce-2.10.7=. -fstack-protector-strong -Wformat -Werror=format-security -Wdate-time -D_FORTIFY_SOURCE=2 conftest.c >&5
configure:3812: $? = 0
configure:3833: result: o
configure:3837: checking whether we are using the GNU C compiler
configure:3856: gcc -c -g -O2 -fdebug-prefix-map=/home/sseitz/src/nxlog-ce-2.10.7=. -fstack-protector-strong -Wformat -Werror=format-security -Wdate-time -D_FORTIFY_SOURCE=2 conftest.c >&5
configure:3856: $? = 0
configure:3865: result: yes
configure:3874: checking whether gcc accepts -g
configure:3894: gcc -c -g -Wdate-time -D_FORTIFY_SOURCE=2 conftest.c >&5
configure:3894: $? = 0
configure:3935: result: yes
configure:3952: checking for gcc option to accept ISO C89
configure:4015: gcc  -c -g -O2 -fdebug-prefix-map=/home/sseitz/src/nxlog-ce-2.10.7=. -fstack-protector-strong -Wformat -Werror=format-security -Wdate-time -D_FORTIFY_SOURCE=2 conftest.c >&5
configure:4015: $? = 0
configure:4028: result: none needed
configure:4053: checking whether gcc understands -c and -o together
configure:4075: gcc -c conftest.c -o conftest2.o
configure:4078: $? = 0
configure:4075: gcc -c conftest.c -o conftest2.o
configure:4078: $? = 0
configure:4090: result: yes
configure:4118: checking for style of include used by make
configure:4146: result: GNU
configure:4172: checking dependency style of gcc
configure:4283: result: gcc3
configure:4304: checking for apr-1-config
configure:4322: found /usr/bin/apr-1-config
configure:4334: result: /usr/bin/apr-1-config
configure:4358: checking whether ln -s works
configure:4362: result: yes
configure:4718: checking how to print strings
configure:4745: result: printf
configure:4766: checking for a sed that does not truncate output
configure:4830: result: /bin/sed
configure:4848: checking for grep that handles long lines and -e
configure:4906: result: /bin/grep
configure:4911: checking for egrep
configure:4973: result: /bin/grep -E
configure:4978: checking for fgrep
configure:5040: result: /bin/grep -F
configure:5075: checking for ld used by gcc
configure:5142: result: /usr/bin/ld
configure:5149: checking if the linker (/usr/bin/ld) is GNU ld
configure:5164: result: yes
configure:5176: checking for BSD- or MS-compatible name lister (nm)
configure:5230: result: /usr/bin/nm -B
configure:5360: checking the name lister (/usr/bin/nm -B) interface
configure:5367: gcc -c -g -O2 -fdebug-prefix-map=/home/sseitz/src/nxlog-ce-2.10.7=. -fstack-protector-strong -Wformat -Werror=format-security   -DLINUX -D_REENTRANT -D_GNU_SOURCE -Wdate-time -D_FORTIFY_SOURCE=2 conftest.c >&5
configure:5370: /usr/bin/nm -B "conftest.o"
configure:5373: output
0000000000000000 B some_variable
configure:5380: result: BSD nm
configure:5384: checking the maximum length of command line arguments
configure:5515: result: 1572864
configure:5563: checking how to convert x86_64-unknown-linux-gnu file names to x86_64-unknown-linux-gnu format
configure:5603: result: func_convert_file_noop
configure:5610: checking how to convert x86_64-unknown-linux-gnu file names to toolchain format
configure:5630: result: func_convert_file_noop
configure:5637: checking for /usr/bin/ld option to reload object files
configure:5644: result: -r
configure:5718: checking for objdump
configure:5745: result: objdump
configure:5774: checking how to recognize dependent libraries
configure:5974: result: pass_all
configure:6059: checking for dlltool
configure:6086: result: dlltool
configure:6116: checking how to associate runtime and link libraries
configure:6143: result: printf %s\n
configure:6204: checking for ar
configure:6220: found /usr/bin/ar
configure:6231: result: ar
configure:6268: checking for archiver @FILE support
configure:6285: gcc -c -g -O2 -fdebug-prefix-map=/home/sseitz/src/nxlog-ce-2.10.7=. -fstack-protector-strong -Wformat -Werror=format-security   -DLINUX -D_REENTRANT -D_GNU_SOURCE -Wdate-time -D_FORTIFY_SOURCE=2 conftest.c >&5
configure:6285: $? = 0
configure:6288: ar cru libconftest.a @conftest.lst >&5
ar: `u' modifier ignored since `D' is the default (see `U')
configure:6291: $? = 0
configure:6296: ar cru libconftest.a @conftest.lst >&5
ar: `u' modifier ignored since `D' is the default (see `U')
ar: conftest.o: No such file or directory
configure:6299: $? = 1
configure:6311: result: @
configure:6369: checking for strip
configure:6385: found /usr/bin/strip
configure:6396: result: strip
configure:6468: checking for ranlib
configure:6484: found /usr/bin/ranlib
configure:6495: result: ranlib
configure:6597: checking command to parse /usr/bin/nm -B output from gcc object
configure:6750: gcc -c -g -O2 -fdebug-prefix-map=/home/sseitz/src/nxlog-ce-2.10.7=. -fstack-protector-strong -Wformat -Werror=format-security   -DLINUX -D_REENTRANT -D_GNU_SOURCE -Wdate-time -D_FORTIFY_SOURCE=2 conftest.c >&5
configure:6753: $? = 0
configure:6757: /usr/bin/nm -B conftest.o \| sed -n -e 's/^.*[ ]\([ABCDGIRSTW][ABCDGIRSTW]*\)[ ][ ]*\([_A-Za-z][_A-Za-z0-9]*\)$/\1 \2 \2/p' | sed '/ __gnu_lto/d' \> conftest.nm
configure:6760: $? = 0
configure:6826: gcc -o conftest -g -O2 -fdebug-prefix-map=/home/sseitz/src/nxlog-ce-2.10.7=. -fstack-protector-strong -Wformat -Werror=format-security   -DLINUX -D_REENTRANT -D_GNU_SOURCE -Wdate-time -D_FORTIFY_SOURCE=2 -Wl,-Bsymbolic-functions -Wl,-z,relro   conftest.c conftstm.o >&5
configure:6829: $? = 0
configure:6867: result: ok
configure:6914: checking for sysroot
configure:6944: result: no
configure:6951: checking for a working dd
configure:6989: result: /bin/dd
configure:6993: checking how to truncate binary pipes
configure:7008: result: /bin/dd bs=4096 count=1
configure:7144: gcc -c -g -O2 -fdebug-prefix-map=/home/sseitz/src/nxlog-ce-2.10.7=. -fstack-protector-strong -Wformat -Werror=format-security   -DLINUX -D_REENTRANT -D_GNU_SOURCE -Wdate-time -D_FORTIFY_SOURCE=2 conftest.c >&5
configure:7147: $? = 0
configure:7337: checking for mt
configure:7353: found /bin/mt
configure:7364: result: mt
configure:7387: checking if mt is a manifest tool
configure:7393: mt '-?'
configure:7401: result: no
configure:8078: checking how to run the C preprocessor
configure:8109: gcc -E -Wdate-time -D_FORTIFY_SOURCE=2 conftest.c
configure:8109: $? = 0
configure:8123: gcc -E -Wdate-time -D_FORTIFY_SOURCE=2 conftest.c
conftest.c:11:10: fatal error: ac_nonexistent.h: No such file or directory
 #include <ac_nonexistent.h>
          ^~~~~~~~~~~~~~~~~~
compilation terminated.
configure:8123: $? = 1
configure: failed program was:
| /* confdefs.h */
| #define PACKAGE_NAME "nxlog-ce"
| #define PACKAGE_TARNAME "nxlog-ce"
| #define PACKAGE_VERSION "2.10.4"
| #define PACKAGE_STRING "nxlog-ce 2.10.4"
| #define PACKAGE_BUGREPORT "support@nxlog.org"
| #define PACKAGE_URL ""
| #define PACKAGE "nxlog-ce"
| #define VERSION "2.10.4"
| /* end confdefs.h.  */
| #include <ac_nonexistent.h>
configure:8148: result: gcc -E
configure:8168: gcc -E -Wdate-time -D_FORTIFY_SOURCE=2 conftest.c
configure:8168: $? = 0
configure:8182: gcc -E -Wdate-time -D_FORTIFY_SOURCE=2 conftest.c
conftest.c:11:10: fatal error: ac_nonexistent.h: No such file or directory
 #include <ac_nonexistent.h>
          ^~~~~~~~~~~~~~~~~~
compilation terminated.
configure:8182: $? = 1
configure: failed program was:
| /* confdefs.h */
| #define PACKAGE_NAME "nxlog-ce"
| #define PACKAGE_TARNAME "nxlog-ce"
| #define PACKAGE_VERSION "2.10.4"
| #define PACKAGE_STRING "nxlog-ce 2.10.4"
| #define PACKAGE_BUGREPORT "support@nxlog.org"
| #define PACKAGE_URL ""
| #define PACKAGE "nxlog-ce"
| #define VERSION "2.10.4"
| /* end confdefs.h.  */
| #include <ac_nonexistent.h>
configure:8211: checking for ANSI C header files
configure:8231: gcc -c -g -O2 -fdebug-prefix-map=/home/sseitz/src/nxlog-ce-2.10.7=. -fstack-protector-strong -Wformat -Werror=format-security   -DLINUX -D_REENTRANT -D_GNU_SOURCE -Wdate-time -D_FORTIFY_SOURCE=2 conftest.c >&5
configure:8231: $? = 0
configure:8304: gcc -o conftest -g -O2 -fdebug-prefix-map=/home/sseitz/src/nxlog-ce-2.10.7=. -fstack-protector-strong -Wformat -Werror=format-security   -DLINUX -D_REENTRANT -D_GNU_SOURCE -Wdate-time -D_FORTIFY_SOURCE=2 -Wl,-Bsymbolic-functions -Wl,-z,relro   conftest.c   -L/usr/lib/x86_64-linux-gnu -lapr-1  >&5
configure:8304: $? = 0
configure:8304: ./conftest
configure:8304: $? = 0
configure:8315: result: yes
configure:8328: checking for sys/types.h
configure:8328: gcc -c -g -O2 -fdebug-prefix-map=/home/sseitz/src/nxlog-ce-2.10.7=. -fstack-protector-strong -Wformat -Werror=format-security   -DLINUX -D_REENTRANT -D_GNU_SOURCE -Wdate-time -D_FORTIFY_SOURCE=2 conftest.c >&5
configure:8328: $? = 0
configure:8328: result: yes
configure:8328: checking for sys/stat.h
configure:8328: gcc -c -g -O2 -fdebug-prefix-map=/home/sseitz/src/nxlog-ce-2.10.7=. -fstack-protector-strong -Wformat -Werror=format-security   -DLINUX -D_REENTRANT -D_GNU_SOURCE -Wdate-time -D_FORTIFY_SOURCE=2 conftest.c >&5
configure:8328: $? = 0
configure:8328: result: yes
configure:8328: checking for stdlib.h
configure:8328: gcc -c -g -O2 -fdebug-prefix-map=/home/sseitz/src/nxlog-ce-2.10.7=. -fstack-protector-strong -Wformat -Werror=format-security   -DLINUX -D_REENTRANT -D_GNU_SOURCE -Wdate-time -D_FORTIFY_SOURCE=2 conftest.c >&5
configure:8328: $? = 0
configure:8328: result: yes
configure:8328: checking for string.h
configure:8328: gcc -c -g -O2 -fdebug-prefix-map=/home/sseitz/src/nxlog-ce-2.10.7=. -fstack-protector-strong -Wformat -Werror=format-security   -DLINUX -D_REENTRANT -D_GNU_SOURCE -Wdate-time -D_FORTIFY_SOURCE=2 conftest.c >&5
configure:8328: $? = 0
configure:8328: result: yes
configure:8328: checking for memory.h
configure:8328: gcc -c -g -O2 -fdebug-prefix-map=/home/sseitz/src/nxlog-ce-2.10.7=. -fstack-protector-strong -Wformat -Werror=format-security   -DLINUX -D_REENTRANT -D_GNU_SOURCE -Wdate-time -D_FORTIFY_SOURCE=2 conftest.c >&5
configure:8328: $? = 0
configure:8328: result: yes
configure:8328: checking for strings.h
configure:8328: gcc -c -g -O2 -fdebug-prefix-map=/home/sseitz/src/nxlog-ce-2.10.7=. -fstack-protector-strong -Wformat -Werror=format-security   -DLINUX -D_REENTRANT -D_GNU_SOURCE -Wdate-time -D_FORTIFY_SOURCE=2 conftest.c >&5
configure:8328: $? = 0
configure:8328: result: yes
configure:8328: checking for inttypes.h
configure:8328: gcc -c -g -O2 -fdebug-prefix-map=/home/sseitz/src/nxlog-ce-2.10.7=. -fstack-protector-strong -Wformat -Werror=format-security   -DLINUX -D_REENTRANT -D_GNU_SOURCE -Wdate-time -D_FORTIFY_SOURCE=2 conftest.c >&5
configure:8328: $? = 0
configure:8328: result: yes
configure:8328: checking for stdint.h
configure:8328: gcc -c -g -O2 -fdebug-prefix-map=/home/sseitz/src/nxlog-ce-2.10.7=. -fstack-protector-strong -Wformat -Werror=format-security   -DLINUX -D_REENTRANT -D_GNU_SOURCE -Wdate-time -D_FORTIFY_SOURCE=2 conftest.c >&5
configure:8328: $? = 0
configure:8328: result: yes
configure:8328: checking for unistd.h
configure:8328: gcc -c -g -O2 -fdebug-prefix-map=/home/sseitz/src/nxlog-ce-2.10.7=. -fstack-protector-strong -Wformat -Werror=format-security   -DLINUX -D_REENTRANT -D_GNU_SOURCE -Wdate-time -D_FORTIFY_SOURCE=2 conftest.c >&5
configure:8328: $? = 0
configure:8328: result: yes
configure:8342: checking for dlfcn.h
configure:8342: gcc -c -g -O2 -fdebug-prefix-map=/home/sseitz/src/nxlog-ce-2.10.7=. -fstack-protector-strong -Wformat -Werror=format-security   -DLINUX -D_REENTRANT -D_GNU_SOURCE -Wdate-time -D_FORTIFY_SOURCE=2 conftest.c >&5
configure:8342: $? = 0
configure:8342: result: yes
configure:8596: checking for objdir
configure:8611: result: .libs
configure:8871: checking if gcc supports -fno-rtti -fno-exceptions
configure:8889: gcc -c -g -O2 -fdebug-prefix-map=/home/sseitz/src/nxlog-ce-2.10.7=. -fstack-protector-strong -Wformat -Werror=format-security   -DLINUX -D_REENTRANT -D_GNU_SOURCE -Wdate-time -D_FORTIFY_SOURCE=2 -fno-rtti -fno-exceptions conftest.c >&5
cc1: warning: command line option '-fno-rtti' is valid for C++/ObjC++ but not for C
configure:8893: $? = 0
configure:8906: result: no
configure:9264: checking for gcc option to produce PIC
configure:9271: result: -fPIC -DPIC
configure:9279: checking if gcc PIC flag -fPIC -DPIC works
configure:9297: gcc -c -g -O2 -fdebug-prefix-map=/home/sseitz/src/nxlog-ce-2.10.7=. -fstack-protector-strong -Wformat -Werror=format-security   -DLINUX -D_REENTRANT -D_GNU_SOURCE -Wdate-time -D_FORTIFY_SOURCE=2 -fPIC -DPIC -DPIC conftest.c >&5
configure:9301: $? = 0
configure:9314: result: yes
configure:9343: checking if gcc static flag -static works
configure:9371: result: yes
configure:9386: checking if gcc supports -c -o file.o
configure:9407: gcc -c -g -O2 -fdebug-prefix-map=/home/sseitz/src/nxlog-ce-2.10.7=. -fstack-protector-strong -Wformat -Werror=format-security   -DLINUX -D_REENTRANT -D_GNU_SOURCE -Wdate-time -D_FORTIFY_SOURCE=2 -o out/conftest2.o conftest.c >&5
configure:9411: $? = 0
configure:9433: result: yes
configure:9441: checking if gcc supports -c -o file.o
configure:9488: result: yes
configure:9521: checking whether the gcc linker (/usr/bin/ld -m elf_x86_64) supports shared libraries
configure:10784: result: yes
configure:10821: checking whether -lc should be explicitly linked in
configure:10829: gcc -c -g -O2 -fdebug-prefix-map=/home/sseitz/src/nxlog-ce-2.10.7=. -fstack-protector-strong -Wformat -Werror=format-security   -DLINUX -D_REENTRANT -D_GNU_SOURCE -Wdate-time -D_FORTIFY_SOURCE=2 conftest.c >&5
configure:10832: $? = 0
configure:10847: gcc -shared  -fPIC -DPIC conftest.o  -v -Wl,-soname -Wl,conftest -o conftest 2\>\&1 \| /bin/grep  -lc  \>/dev/null 2\>\&1
configure:10850: $? = 0
configure:10864: result: no
configure:11024: checking dynamic linker characteristics
configure:11605: gcc -o conftest -g -O2 -fdebug-prefix-map=/home/sseitz/src/nxlog-ce-2.10.7=. -fstack-protector-strong -Wformat -Werror=format-security   -DLINUX -D_REENTRANT -D_GNU_SOURCE -Wdate-time -D_FORTIFY_SOURCE=2 -Wl,-Bsymbolic-functions -Wl,-z,relro   -Wl,-rpath -Wl,/foo conftest.c   -L/usr/lib/x86_64-linux-gnu -lapr-1  >&5
configure:11605: $? = 0
configure:11854: result: GNU/Linux ld.so
configure:11976: checking how to hardcode library paths into programs
configure:12001: result: immediate
configure:12549: checking whether stripping libraries is possible
configure:12554: result: yes
configure:12589: checking if libtool supports shared libraries
configure:12591: result: yes
configure:12594: checking whether to build shared libraries
configure:12619: result: yes
configure:12622: checking whether to build static libraries
configure:12626: result: yes
configure:12667: checking for bison
configure:12683: found /usr/bin/bison
configure:12694: result: bison -y
configure:12710: checking for flex
configure:12740: result: no
configure:12710: checking for lex
configure:12740: result: no
configure:12867: checking for an Android system
configure:12883: gcc -E -Wdate-time -D_FORTIFY_SOURCE=2 conftest.c
conftest.c:24:2: error: #error __ANDROID__ not defined
 #error __ANDROID__ not defined
  ^~~~~
configure:12883: $? = 1
configure: failed program was:
| /* confdefs.h */
| #define PACKAGE_NAME "nxlog-ce"
| #define PACKAGE_TARNAME "nxlog-ce"
| #define PACKAGE_VERSION "2.10.4"
| #define PACKAGE_STRING "nxlog-ce 2.10.4"
| #define PACKAGE_BUGREPORT "support@nxlog.org"
| #define PACKAGE_URL ""
| #define PACKAGE "nxlog-ce"
| #define VERSION "2.10.4"
| #define STDC_HEADERS 1
| #define HAVE_SYS_TYPES_H 1
| #define HAVE_SYS_STAT_H 1
| #define HAVE_STDLIB_H 1
| #define HAVE_STRING_H 1
| #define HAVE_MEMORY_H 1
| #define HAVE_STRINGS_H 1
| #define HAVE_INTTYPES_H 1
| #define HAVE_STDINT_H 1
| #define HAVE_UNISTD_H 1
| #define HAVE_DLFCN_H 1
| #define LT_OBJDIR ".libs/"
| /* end confdefs.h.  */
| #ifndef __ANDROID__
| #error __ANDROID__ not defined
| #endif
| 
| int
| main ()
| {
| ;
|   ;
|   return 0;
| }
configure:12887: result: no
configure:12904: checking for openssl
configure:12920: found /usr/bin/openssl
configure:12931: result: openssl
configure:12953: checking for pcre-config
configure:12971: found /usr/bin/pcre-config
configure:12983: result: /usr/bin/pcre-config
configure:13008: checking for apr_socket_create in -lapr-1
configure:13033: gcc -o conftest -g -O2 -fdebug-prefix-map=/home/sseitz/src/nxlog-ce-2.10.7=. -fstack-protector-strong -Wformat -Werror=format-security   -DLINUX -D_REENTRANT -D_GNU_SOURCE -Wdate-time -D_FORTIFY_SOURCE=2 -Wl,-Bsymbolic-functions -Wl,-z,relro   conftest.c -lapr-1    -L/usr/lib/x86_64-linux-gnu -lapr-1  >&5
configure:13033: $? = 0
configure:13042: result: yes
configure:13053: checking for apr_pollset_wakeup
configure:13053: gcc -o conftest -g -O2 -fdebug-prefix-map=/home/sseitz/src/nxlog-ce-2.10.7=. -fstack-protector-strong -Wformat -Werror=format-security   -DLINUX -D_REENTRANT -D_GNU_SOURCE -Wdate-time -D_FORTIFY_SOURCE=2 -Wl,-Bsymbolic-functions -Wl,-z,relro   conftest.c   -L/usr/lib/x86_64-linux-gnu -lapr-1  >&5
configure:13053: $? = 0
configure:13053: result: yes
configure:13053: checking for apr_sockaddr_ip_getbuf
configure:13053: gcc -o conftest -g -O2 -fdebug-prefix-map=/home/sseitz/src/nxlog-ce-2.10.7=. -fstack-protector-strong -Wformat -Werror=format-security   -DLINUX -D_REENTRANT -D_GNU_SOURCE -Wdate-time -D_FORTIFY_SOURCE=2 -Wl,-Bsymbolic-functions -Wl,-z,relro   conftest.c   -L/usr/lib/x86_64-linux-gnu -lapr-1  >&5
configure:13053: $? = 0
configure:13053: result: yes
configure:13053: checking for apr_file_sync
configure:13053: gcc -o conftest -g -O2 -fdebug-prefix-map=/home/sseitz/src/nxlog-ce-2.10.7=. -fstack-protector-strong -Wformat -Werror=format-security   -DLINUX -D_REENTRANT -D_GNU_SOURCE -Wdate-time -D_FORTIFY_SOURCE=2 -Wl,-Bsymbolic-functions -Wl,-z,relro   conftest.c   -L/usr/lib/x86_64-linux-gnu -lapr-1  >&5
configure:13053: $? = 0
configure:13053: result: yes
configure:13053: checking for apr_file_link
configure:13053: gcc -o conftest -g -O2 -fdebug-prefix-map=/home/sseitz/src/nxlog-ce-2.10.7=. -fstack-protector-strong -Wformat -Werror=format-security   -DLINUX -D_REENTRANT -D_GNU_SOURCE -Wdate-time -D_FORTIFY_SOURCE=2 -Wl,-Bsymbolic-functions -Wl,-z,relro   conftest.c   -L/usr/lib/x86_64-linux-gnu -lapr-1  >&5
configure:13053: $? = 0
configure:13053: result: yes
configure:13053: checking for apr_pool_create_unmanaged_ex
configure:13053: gcc -o conftest -g -O2 -fdebug-prefix-map=/home/sseitz/src/nxlog-ce-2.10.7=. -fstack-protector-strong -Wformat -Werror=format-security   -DLINUX -D_REENTRANT -D_GNU_SOURCE -Wdate-time -D_FORTIFY_SOURCE=2 -Wl,-Bsymbolic-functions -Wl,-z,relro   conftest.c   -L/usr/lib/x86_64-linux-gnu -lapr-1  >&5
configure:13053: $? = 0
configure:13053: result: yes
configure:13069: checking for dbi_initialize in -ldbi
configure:13094: gcc -o conftest -g -O2 -fdebug-prefix-map=/home/sseitz/src/nxlog-ce-2.10.7=. -fstack-protector-strong -Wformat -Werror=format-security   -DLINUX -D_REENTRANT -D_GNU_SOURCE -Wdate-time -D_FORTIFY_SOURCE=2 -Wl,-Bsymbolic-functions -Wl,-z,relro   conftest.c -ldbi    -L/usr/lib/x86_64-linux-gnu -lapr-1  >&5
configure:13094: $? = 0
configure:13103: result: yes
configure:13115: checking dbi/dbi.h usability
configure:13115: gcc -c -g -O2 -fdebug-prefix-map=/home/sseitz/src/nxlog-ce-2.10.7=. -fstack-protector-strong -Wformat -Werror=format-security   -DLINUX -D_REENTRANT -D_GNU_SOURCE -Wdate-time -D_FORTIFY_SOURCE=2 conftest.c >&5
configure:13115: $? = 0
configure:13115: result: yes
configure:13115: checking dbi/dbi.h presence
configure:13115: gcc -E -Wdate-time -D_FORTIFY_SOURCE=2 conftest.c
configure:13115: $? = 0
configure:13115: result: yes
configure:13115: checking for dbi/dbi.h
configure:13115: result: yes
configure:13132: checking for dbi_initialize_r
configure:13132: gcc -o conftest -g -O2 -fdebug-prefix-map=/home/sseitz/src/nxlog-ce-2.10.7=. -fstack-protector-strong -Wformat -Werror=format-security   -DLINUX -D_REENTRANT -D_GNU_SOURCE -Wdate-time -D_FORTIFY_SOURCE=2 -Wl,-Bsymbolic-functions -Wl,-z,relro   conftest.c -ldbi >&5
configure:13132: $? = 0
configure:13132: result: yes
configure:13152: checking for ANSI C header files
configure:13256: result: yes
configure:13266: checking syslog.h usability
configure:13266: gcc -c -g -O2 -fdebug-prefix-map=/home/sseitz/src/nxlog-ce-2.10.7=. -fstack-protector-strong -Wformat -Werror=format-security   -DLINUX -D_REENTRANT -D_GNU_SOURCE -Wdate-time -D_FORTIFY_SOURCE=2 conftest.c >&5
configure:13266: $? = 0
configure:13266: result: yes
configure:13266: checking syslog.h presence
configure:13266: gcc -E -Wdate-time -D_FORTIFY_SOURCE=2 conftest.c
configure:13266: $? = 0
configure:13266: result: yes
configure:13266: checking for syslog.h
configure:13266: result: yes
configure:13278: checking pcre.h usability
configure:13278: gcc -c -g -O2 -fdebug-prefix-map=/home/sseitz/src/nxlog-ce-2.10.7=. -fstack-protector-strong -Wformat -Werror=format-security   -DLINUX -D_REENTRANT -D_GNU_SOURCE -Wdate-time -D_FORTIFY_SOURCE=2 conftest.c >&5
configure:13278: $? = 0
configure:13278: result: yes
configure:13278: checking pcre.h presence
configure:13278: gcc -E -Wdate-time -D_FORTIFY_SOURCE=2 conftest.c
configure:13278: $? = 0
configure:13278: result: yes
configure:13278: checking for pcre.h
configure:13278: result: yes
configure:13290: checking whether PCRE_ERROR_BADUTF8 is declared
configure:13290: gcc -c -g -O2 -fdebug-prefix-map=/home/sseitz/src/nxlog-ce-2.10.7=. -fstack-protector-strong -Wformat -Werror=format-security   -DLINUX -D_REENTRANT -D_GNU_SOURCE -Wdate-time -D_FORTIFY_SOURCE=2 conftest.c >&5
configure:13290: $? = 0
configure:13290: result: yes
configure:13306: checking whether PCRE_ERROR_BADUTF8_OFFSET is declared
configure:13306: gcc -c -g -O2 -fdebug-prefix-map=/home/sseitz/src/nxlog-ce-2.10.7=. -fstack-protector-strong -Wformat -Werror=format-security   -DLINUX -D_REENTRANT -D_GNU_SOURCE -Wdate-time -D_FORTIFY_SOURCE=2 conftest.c >&5
configure:13306: $? = 0
configure:13306: result: yes
configure:13326: checking openssl/evp.h usability
configure:13326: gcc -c -g -O2 -fdebug-prefix-map=/home/sseitz/src/nxlog-ce-2.10.7=. -fstack-protector-strong -Wformat -Werror=format-security   -DLINUX -D_REENTRANT -D_GNU_SOURCE -Wdate-time -D_FORTIFY_SOURCE=2 conftest.c >&5
configure:13326: $? = 0
configure:13326: result: yes
configure:13326: checking openssl/evp.h presence
configure:13326: gcc -E -Wdate-time -D_FORTIFY_SOURCE=2 conftest.c
configure:13326: $? = 0
configure:13326: result: yes
configure:13326: checking for openssl/evp.h
configure:13326: result: yes
configure:13342: checking for EVP_CIPHER_CTX_init in -lcrypto
configure:13367: gcc -o conftest -g -O2 -fdebug-prefix-map=/home/sseitz/src/nxlog-ce-2.10.7=. -fstack-protector-strong -Wformat -Werror=format-security   -DLINUX -D_REENTRANT -D_GNU_SOURCE -Wdate-time -D_FORTIFY_SOURCE=2 -Wl,-Bsymbolic-functions -Wl,-z,relro   conftest.c -lcrypto -L/usr/local/lib   -L/usr/lib/x86_64-linux-gnu -lapr-1  -lcrypto -lssl >&5
configure:13367: $? = 0
configure:13376: result: yes
configure:13389: checking for SSL_library_init in -lssl
configure:13414: gcc -o conftest -g -O2 -fdebug-prefix-map=/home/sseitz/src/nxlog-ce-2.10.7=. -fstack-protector-strong -Wformat -Werror=format-security   -DLINUX -D_REENTRANT -D_GNU_SOURCE -Wdate-time -D_FORTIFY_SOURCE=2 -Wl,-Bsymbolic-functions -Wl,-z,relro   conftest.c -lssl -L/usr/local/lib -lcrypto   -L/usr/lib/x86_64-linux-gnu -lapr-1  -lcrypto -lssl >&5
configure:13414: $? = 0
configure:13423: result: yes
configure:13439: checking for EVP_md5
configure:13439: gcc -o conftest -g -O2 -fdebug-prefix-map=/home/sseitz/src/nxlog-ce-2.10.7=. -fstack-protector-strong -Wformat -Werror=format-security   -DLINUX -D_REENTRANT -D_GNU_SOURCE -Wdate-time -D_FORTIFY_SOURCE=2 -Wl,-Bsymbolic-functions -Wl,-z,relro   conftest.c -lssl -lcrypto   -L/usr/lib/x86_64-linux-gnu -lapr-1  -lcrypto -lssl >&5
configure:13439: $? = 0
configure:13439: result: yes
configure:13439: checking for EVP_sha1
configure:13439: gcc -o conftest -g -O2 -fdebug-prefix-map=/home/sseitz/src/nxlog-ce-2.10.7=. -fstack-protector-strong -Wformat -Werror=format-security   -DLINUX -D_REENTRANT -D_GNU_SOURCE -Wdate-time -D_FORTIFY_SOURCE=2 -Wl,-Bsymbolic-functions -Wl,-z,relro   conftest.c -lssl -lcrypto   -L/usr/lib/x86_64-linux-gnu -lapr-1  -lcrypto -lssl >&5
configure:13439: $? = 0
configure:13439: result: yes
configure:13439: checking for EVP_sha256
configure:13439: gcc -o conftest -g -O2 -fdebug-prefix-map=/home/sseitz/src/nxlog-ce-2.10.7=. -fstack-protector-strong -Wformat -Werror=format-security   -DLINUX -D_REENTRANT -D_GNU_SOURCE -Wdate-time -D_FORTIFY_SOURCE=2 -Wl,-Bsymbolic-functions -Wl,-z,relro   conftest.c -lssl -lcrypto   -L/usr/lib/x86_64-linux-gnu -lapr-1  -lcrypto -lssl >&5
configure:13439: $? = 0
configure:13439: result: yes
configure:13439: checking for EVP_sha512
configure:13439: gcc -o conftest -g -O2 -fdebug-prefix-map=/home/sseitz/src/nxlog-ce-2.10.7=. -fstack-protector-strong -Wformat -Werror=format-security   -DLINUX -D_REENTRANT -D_GNU_SOURCE -Wdate-time -D_FORTIFY_SOURCE=2 -Wl,-Bsymbolic-functions -Wl,-z,relro   conftest.c -lssl -lcrypto   -L/usr/lib/x86_64-linux-gnu -lapr-1  -lcrypto -lssl >&5
configure:13439: $? = 0
configure:13439: result: yes
configure:13439: checking for EVP_ripemd160
configure:13439: gcc -o conftest -g -O2 -fdebug-prefix-map=/home/sseitz/src/nxlog-ce-2.10.7=. -fstack-protector-strong -Wformat -Werror=format-security   -DLINUX -D_REENTRANT -D_GNU_SOURCE -Wdate-time -D_FORTIFY_SOURCE=2 -Wl,-Bsymbolic-functions -Wl,-z,relro   conftest.c -lssl -lcrypto   -L/usr/lib/x86_64-linux-gnu -lapr-1  -lcrypto -lssl >&5
configure:13439: $? = 0
configure:13439: result: yes
configure:13452: checking for klogctl
configure:13452: gcc -o conftest -g -O2 -fdebug-prefix-map=/home/sseitz/src/nxlog-ce-2.10.7=. -fstack-protector-strong -Wformat -Werror=format-security   -DLINUX -D_REENTRANT -D_GNU_SOURCE -Wdate-time -D_FORTIFY_SOURCE=2 -Wl,-Bsymbolic-functions -Wl,-z,relro   conftest.c   -L/usr/lib/x86_64-linux-gnu -lapr-1  >&5
configure:13452: $? = 0
configure:13452: result: yes
configure:13466: checking sys/klog.h usability
configure:13466: gcc -c -g -O2 -fdebug-prefix-map=/home/sseitz/src/nxlog-ce-2.10.7=. -fstack-protector-strong -Wformat -Werror=format-security   -DLINUX -D_REENTRANT -D_GNU_SOURCE -Wdate-time -D_FORTIFY_SOURCE=2 conftest.c >&5
configure:13466: $? = 0
configure:13466: result: yes
configure:13466: checking sys/klog.h presence
configure:13466: gcc -E -Wdate-time -D_FORTIFY_SOURCE=2 conftest.c
configure:13466: $? = 0
configure:13466: result: yes
configure:13466: checking for sys/klog.h
configure:13466: result: yes
configure:13478: checking grp.h usability
configure:13478: gcc -c -g -O2 -fdebug-prefix-map=/home/sseitz/src/nxlog-ce-2.10.7=. -fstack-protector-strong -Wformat -Werror=format-security   -DLINUX -D_REENTRANT -D_GNU_SOURCE -Wdate-time -D_FORTIFY_SOURCE=2 conftest.c >&5
configure:13478: $? = 0
configure:13478: result: yes
configure:13478: checking grp.h presence
configure:13478: gcc -E -Wdate-time -D_FORTIFY_SOURCE=2 conftest.c
configure:13478: $? = 0
configure:13478: result: yes
configure:13478: checking for grp.h
configure:13478: result: yes
configure:13491: checking for getgrouplist
configure:13491: gcc -o conftest -g -O2 -fdebug-prefix-map=/home/sseitz/src/nxlog-ce-2.10.7=. -fstack-protector-strong -Wformat -Werror=format-security   -DLINUX -D_REENTRANT -D_GNU_SOURCE -Wdate-time -D_FORTIFY_SOURCE=2 -Wl,-Bsymbolic-functions -Wl,-z,relro   conftest.c   -L/usr/lib/x86_64-linux-gnu -lapr-1  >&5
configure:13491: $? = 0
configure:13491: result: yes
configure:13491: checking for setgroups
configure:13491: gcc -o conftest -g -O2 -fdebug-prefix-map=/home/sseitz/src/nxlog-ce-2.10.7=. -fstack-protector-strong -Wformat -Werror=format-security   -DLINUX -D_REENTRANT -D_GNU_SOURCE -Wdate-time -D_FORTIFY_SOURCE=2 -Wl,-Bsymbolic-functions -Wl,-z,relro   conftest.c   -L/usr/lib/x86_64-linux-gnu -lapr-1  >&5
configure:13491: $? = 0
configure:13491: result: yes
configure:13502: checking for XML_Parse in -lexpat
configure:13527: gcc -o conftest -g -O2 -fdebug-prefix-map=/home/sseitz/src/nxlog-ce-2.10.7=. -fstack-protector-strong -Wformat -Werror=format-security   -DLINUX -D_REENTRANT -D_GNU_SOURCE -Wdate-time -D_FORTIFY_SOURCE=2 -Wl,-Bsymbolic-functions -Wl,-z,relro   conftest.c -lexpat    -L/usr/lib/x86_64-linux-gnu -lapr-1  >&5
configure:13527: $? = 0
configure:13536: result: yes
configure:13547: checking for pcre.h
configure:13547: result: yes
configure:13560: checking zlib.h usability
configure:13560: gcc -c -g -O2 -fdebug-prefix-map=/home/sseitz/src/nxlog-ce-2.10.7=. -fstack-protector-strong -Wformat -Werror=format-security   -DLINUX -D_REENTRANT -D_GNU_SOURCE -Wdate-time -D_FORTIFY_SOURCE=2 conftest.c >&5
configure:13560: $? = 0
configure:13560: result: yes
configure:13560: checking zlib.h presence
configure:13560: gcc -E -Wdate-time -D_FORTIFY_SOURCE=2 conftest.c
configure:13560: $? = 0
configure:13560: result: yes
configure:13560: checking for zlib.h
configure:13560: result: yes
configure:13562: checking for deflate in -lz
configure:13587: gcc -o conftest -g -O2 -fdebug-prefix-map=/home/sseitz/src/nxlog-ce-2.10.7=. -fstack-protector-strong -Wformat -Werror=format-security   -DLINUX -D_REENTRANT -D_GNU_SOURCE -Wdate-time -D_FORTIFY_SOURCE=2 -Wl,-Bsymbolic-functions -Wl,-z,relro   conftest.c -lz    -L/usr/lib/x86_64-linux-gnu -lapr-1  >&5
configure:13587: $? = 0
configure:13596: result: yes
configure:13627: checking sys/prctl.h usability
configure:13627: gcc -c -g -O2 -fdebug-prefix-map=/home/sseitz/src/nxlog-ce-2.10.7=. -fstack-protector-strong -Wformat -Werror=format-security   -DLINUX -D_REENTRANT -D_GNU_SOURCE -Wdate-time -D_FORTIFY_SOURCE=2 conftest.c >&5
configure:13627: $? = 0
configure:13627: result: yes
configure:13627: checking sys/prctl.h presence
configure:13627: gcc -E -Wdate-time -D_FORTIFY_SOURCE=2 conftest.c
configure:13627: $? = 0
configure:13627: result: yes
configure:13627: checking for sys/prctl.h
configure:13627: result: yes
configure:13640: checking for prctl
configure:13640: gcc -o conftest -g -O2 -fdebug-prefix-map=/home/sseitz/src/nxlog-ce-2.10.7=. -fstack-protector-strong -Wformat -Werror=format-security   -DLINUX -D_REENTRANT -D_GNU_SOURCE -Wdate-time -D_FORTIFY_SOURCE=2 -Wl,-Bsymbolic-functions -Wl,-z,relro   conftest.c   -L/usr/lib/x86_64-linux-gnu -lapr-1  >&5
configure:13640: $? = 0
configure:13640: result: yes
configure:13640: checking for setpflags
configure:13640: gcc -o conftest -g -O2 -fdebug-prefix-map=/home/sseitz/src/nxlog-ce-2.10.7=. -fstack-protector-strong -Wformat -Werror=format-security   -DLINUX -D_REENTRANT -D_GNU_SOURCE -Wdate-time -D_FORTIFY_SOURCE=2 -Wl,-Bsymbolic-functions -Wl,-z,relro   conftest.c   -L/usr/lib/x86_64-linux-gnu -lapr-1  >&5
/tmp/ccDKoCFc.o: In function `main':
./conftest.c:85: undefined reference to `setpflags'
collect2: error: ld returned 1 exit status
configure:13640: $? = 1
configure: failed program was:
| /* confdefs.h */
| #define PACKAGE_NAME "nxlog-ce"
| #define PACKAGE_TARNAME "nxlog-ce"
| #define PACKAGE_VERSION "2.10.4"
| #define PACKAGE_STRING "nxlog-ce 2.10.4"
| #define PACKAGE_BUGREPORT "support@nxlog.org"
| #define PACKAGE_URL ""
| #define PACKAGE "nxlog-ce"
| #define VERSION "2.10.4"
| #define STDC_HEADERS 1
| #define HAVE_SYS_TYPES_H 1
| #define HAVE_SYS_STAT_H 1
| #define HAVE_STDLIB_H 1
| #define HAVE_STRING_H 1
| #define HAVE_MEMORY_H 1
| #define HAVE_STRINGS_H 1
| #define HAVE_INTTYPES_H 1
| #define HAVE_STDINT_H 1
| #define HAVE_UNISTD_H 1
| #define HAVE_DLFCN_H 1
| #define LT_OBJDIR ".libs/"
| #define HAVE_APR_POLLSET_WAKEUP 1
| #define HAVE_APR_SOCKADDR_IP_GETBUF 1
| #define HAVE_APR_FILE_SYNC 1
| #define HAVE_APR_FILE_LINK 1
| #define HAVE_APR_POOL_CREATE_UNMANAGED_EX 1
| #define HAVE_DBI_DBI_H 1
| #define HAVE_DBI_INITIALIZE_R 1
| #define STDC_HEADERS 1
| #define HAVE_SYSLOG_H 1
| #define HAVE_PCRE_H 1
| #define HAVE_DECL_PCRE_ERROR_BADUTF8 1
| #define HAVE_DECL_PCRE_ERROR_BADUTF8_OFFSET 1
| #define HAVE_OPENSSL_EVP_H 1
| #define HAVE_LIBCRYPTO 1
| #define HAVE_LIBSSL 1
| #define HAVE_EVP_MD5 1
| #define HAVE_EVP_SHA1 1
| #define HAVE_EVP_SHA256 1
| #define HAVE_EVP_SHA512 1
| #define HAVE_EVP_RIPEMD160 1
| #define HAVE_KLOGCTL 1
| #define HAVE_SYS_KLOG_H 1
| #define HAVE_GRP_H 1
| #define HAVE_GETGROUPLIST 1
| #define HAVE_SETGROUPS 1
| #define HAVE_PCRE_H 1
| #define HAVE_SYS_PRCTL_H 1
| #define HAVE_PRCTL 1
| /* end confdefs.h.  */
| /* Define setpflags to an innocuous variant, in case <limits.h> declares setpflags.
|    For example, HP-UX 11i <limits.h> declares gettimeofday.  */
| #define setpflags innocuous_setpflags
| 
| /* System header to define __stub macros and hopefully few prototypes,
|     which can conflict with char setpflags (); below.
|     Prefer <limits.h> to <assert.h> if __STDC__ is defined, since
|     <limits.h> exists even on freestanding compilers.  */
| 
| #ifdef __STDC__
| # include <limits.h>
| #else
| # include <assert.h>
| #endif
| 
| #undef setpflags
| 
| /* Override any GCC internal prototype to avoid an error.
|    Use char because int might match the return type of a GCC
|    builtin and then its argument prototype would still apply.  */
| #ifdef __cplusplus
| extern "C"
| #endif
| char setpflags ();
| /* The GNU C library defines this for functions which it implements
|     to always fail with ENOSYS.  Some functions are actually named
|     something starting with __ and the normal name is an alias.  */
| #if defined __stub_setpflags || defined __stub___setpflags
| choke me
| #endif
| 
| int
| main ()
| {
| return setpflags ();
|   ;
|   return 0;
| }
configure:13640: result: no
configure:13650: checking for cap_from_name in -lcap
configure:13675: gcc -o conftest -g -O2 -fdebug-prefix-map=/home/sseitz/src/nxlog-ce-2.10.7=. -fstack-protector-strong -Wformat -Werror=format-security   -DLINUX -D_REENTRANT -D_GNU_SOURCE -Wdate-time -D_FORTIFY_SOURCE=2 -Wl,-Bsymbolic-functions -Wl,-z,relro   conftest.c -lcap    -L/usr/lib/x86_64-linux-gnu -lapr-1  >&5
configure:13675: $? = 0
configure:13684: result: yes
configure:13702: checking sys/capability.h usability
configure:13702: gcc -c -g -O2 -fdebug-prefix-map=/home/sseitz/src/nxlog-ce-2.10.7=. -fstack-protector-strong -Wformat -Werror=format-security   -DLINUX -D_REENTRANT -D_GNU_SOURCE -Wdate-time -D_FORTIFY_SOURCE=2 conftest.c >&5
configure:13702: $? = 0
configure:13702: result: yes
configure:13702: checking sys/capability.h presence
configure:13702: gcc -E -Wdate-time -D_FORTIFY_SOURCE=2 conftest.c
configure:13702: $? = 0
configure:13702: result: yes
configure:13702: checking for sys/capability.h
configure:13702: result: yes
configure:13727: checking winevt.h usability
configure:13727: gcc -c -g -O2 -fdebug-prefix-map=/home/sseitz/src/nxlog-ce-2.10.7=. -fstack-protector-strong -Wformat -Werror=format-security   -DLINUX -D_REENTRANT -D_GNU_SOURCE -Wdate-time -D_FORTIFY_SOURCE=2 conftest.c >&5
conftest.c:85:10: fatal error: winevt.h: No such file or directory
 #include <winevt.h>
          ^~~~~~~~~~
compilation terminated.
configure:13727: $? = 1
configure: failed program was:
| /* confdefs.h */
| #define PACKAGE_NAME "nxlog-ce"
| #define PACKAGE_TARNAME "nxlog-ce"
| #define PACKAGE_VERSION "2.10.4"
| #define PACKAGE_STRING "nxlog-ce 2.10.4"
| #define PACKAGE_BUGREPORT "support@nxlog.org"
| #define PACKAGE_URL ""
| #define PACKAGE "nxlog-ce"
| #define VERSION "2.10.4"
| #define STDC_HEADERS 1
| #define HAVE_SYS_TYPES_H 1
| #define HAVE_SYS_STAT_H 1
| #define HAVE_STDLIB_H 1
| #define HAVE_STRING_H 1
| #define HAVE_MEMORY_H 1
| #define HAVE_STRINGS_H 1
| #define HAVE_INTTYPES_H 1
| #define HAVE_STDINT_H 1
| #define HAVE_UNISTD_H 1
| #define HAVE_DLFCN_H 1
| #define LT_OBJDIR ".libs/"
| #define HAVE_APR_POLLSET_WAKEUP 1
| #define HAVE_APR_SOCKADDR_IP_GETBUF 1
| #define HAVE_APR_FILE_SYNC 1
| #define HAVE_APR_FILE_LINK 1
| #define HAVE_APR_POOL_CREATE_UNMANAGED_EX 1
| #define HAVE_DBI_DBI_H 1
| #define HAVE_DBI_INITIALIZE_R 1
| #define STDC_HEADERS 1
| #define HAVE_SYSLOG_H 1
| #define HAVE_PCRE_H 1
| #define HAVE_DECL_PCRE_ERROR_BADUTF8 1
| #define HAVE_DECL_PCRE_ERROR_BADUTF8_OFFSET 1
| #define HAVE_OPENSSL_EVP_H 1
| #define HAVE_LIBCRYPTO 1
| #define HAVE_LIBSSL 1
| #define HAVE_EVP_MD5 1
| #define HAVE_EVP_SHA1 1
| #define HAVE_EVP_SHA256 1
| #define HAVE_EVP_SHA512 1
| #define HAVE_EVP_RIPEMD160 1
| #define HAVE_KLOGCTL 1
| #define HAVE_SYS_KLOG_H 1
| #define HAVE_GRP_H 1
| #define HAVE_GETGROUPLIST 1
| #define HAVE_SETGROUPS 1
| #define HAVE_PCRE_H 1
| #define HAVE_SYS_PRCTL_H 1
| #define HAVE_PRCTL 1
| #define HAVE_SYS_CAPABILITY_H 1
| /* end confdefs.h.  */
| #include <stdio.h>
| #ifdef HAVE_SYS_TYPES_H
| # include <sys/types.h>
| #endif
| #ifdef HAVE_SYS_STAT_H
| # include <sys/stat.h>
| #endif
| #ifdef STDC_HEADERS
| # include <stdlib.h>
| # include <stddef.h>
| #else
| # ifdef HAVE_STDLIB_H
| #  include <stdlib.h>
| # endif
| #endif
| #ifdef HAVE_STRING_H
| # if !defined STDC_HEADERS && defined HAVE_MEMORY_H
| #  include <memory.h>
| # endif
| # include <string.h>
| #endif
| #ifdef HAVE_STRINGS_H
| # include <strings.h>
| #endif
| #ifdef HAVE_INTTYPES_H
| # include <inttypes.h>
| #endif
| #ifdef HAVE_STDINT_H
| # include <stdint.h>
| #endif
| #ifdef HAVE_UNISTD_H
| # include <unistd.h>
| #endif
| #include <winevt.h>
configure:13727: result: no
configure:13727: checking winevt.h presence
configure:13727: gcc -E -Wdate-time -D_FORTIFY_SOURCE=2 conftest.c
conftest.c:52:10: fatal error: winevt.h: No such file or directory
 #include <winevt.h>
          ^~~~~~~~~~
compilation terminated.
configure:13727: $? = 1
configure: failed program was:
| /* confdefs.h */
| #define PACKAGE_NAME "nxlog-ce"
| #define PACKAGE_TARNAME "nxlog-ce"
| #define PACKAGE_VERSION "2.10.4"
| #define PACKAGE_STRING "nxlog-ce 2.10.4"
| #define PACKAGE_BUGREPORT "support@nxlog.org"
| #define PACKAGE_URL ""
| #define PACKAGE "nxlog-ce"
| #define VERSION "2.10.4"
| #define STDC_HEADERS 1
| #define HAVE_SYS_TYPES_H 1
| #define HAVE_SYS_STAT_H 1
| #define HAVE_STDLIB_H 1
| #define HAVE_STRING_H 1
| #define HAVE_MEMORY_H 1
| #define HAVE_STRINGS_H 1
| #define HAVE_INTTYPES_H 1
| #define HAVE_STDINT_H 1
| #define HAVE_UNISTD_H 1
| #define HAVE_DLFCN_H 1
| #define LT_OBJDIR ".libs/"
| #define HAVE_APR_POLLSET_WAKEUP 1
| #define HAVE_APR_SOCKADDR_IP_GETBUF 1
| #define HAVE_APR_FILE_SYNC 1
| #define HAVE_APR_FILE_LINK 1
| #define HAVE_APR_POOL_CREATE_UNMANAGED_EX 1
| #define HAVE_DBI_DBI_H 1
| #define HAVE_DBI_INITIALIZE_R 1
| #define STDC_HEADERS 1
| #define HAVE_SYSLOG_H 1
| #define HAVE_PCRE_H 1
| #define HAVE_DECL_PCRE_ERROR_BADUTF8 1
| #define HAVE_DECL_PCRE_ERROR_BADUTF8_OFFSET 1
| #define HAVE_OPENSSL_EVP_H 1
| #define HAVE_LIBCRYPTO 1
| #define HAVE_LIBSSL 1
| #define HAVE_EVP_MD5 1
| #define HAVE_EVP_SHA1 1
| #define HAVE_EVP_SHA256 1
| #define HAVE_EVP_SHA512 1
| #define HAVE_EVP_RIPEMD160 1
| #define HAVE_KLOGCTL 1
| #define HAVE_SYS_KLOG_H 1
| #define HAVE_GRP_H 1
| #define HAVE_GETGROUPLIST 1
| #define HAVE_SETGROUPS 1
| #define HAVE_PCRE_H 1
| #define HAVE_SYS_PRCTL_H 1
| #define HAVE_PRCTL 1
| #define HAVE_SYS_CAPABILITY_H 1
| /* end confdefs.h.  */
| #include <winevt.h>
configure:13727: result: no
configure:13727: checking for winevt.h
configure:13727: result: no
configure:13741: checking execinfo.h usability
configure:13741: gcc -c -g -O2 -fdebug-prefix-map=/home/sseitz/src/nxlog-ce-2.10.7=. -fstack-protector-strong -Wformat -Werror=format-security   -DLINUX -D_REENTRANT -D_GNU_SOURCE -Wdate-time -D_FORTIFY_SOURCE=2 conftest.c >&5
configure:13741: $? = 0
configure:13741: result: yes
configure:13741: checking execinfo.h presence
configure:13741: gcc -E -Wdate-time -D_FORTIFY_SOURCE=2 conftest.c
configure:13741: $? = 0
configure:13741: result: yes
configure:13741: checking for execinfo.h
configure:13741: result: yes
configure:13753: checking for backtrace_symbols
configure:13753: gcc -o conftest -g -O2 -fdebug-prefix-map=/home/sseitz/src/nxlog-ce-2.10.7=. -fstack-protector-strong -Wformat -Werror=format-security   -DLINUX -D_REENTRANT -D_GNU_SOURCE -Wdate-time -D_FORTIFY_SOURCE=2 -Wl,-Bsymbolic-functions -Wl,-z,relro   conftest.c   -L/usr/lib/x86_64-linux-gnu -lapr-1  >&5
configure:13753: $? = 0
configure:13753: result: yes
configure:13766: checking for iconv_open
configure:13766: gcc -o conftest -g -O2 -fdebug-prefix-map=/home/sseitz/src/nxlog-ce-2.10.7=. -fstack-protector-strong -Wformat -Werror=format-security   -DLINUX -D_REENTRANT -D_GNU_SOURCE -Wdate-time -D_FORTIFY_SOURCE=2 -Wl,-Bsymbolic-functions -Wl,-z,relro   conftest.c   -L/usr/lib/x86_64-linux-gnu -lapr-1  >&5
configure:13766: $? = 0
configure:13766: result: yes
configure:13778: checking langinfo.h usability
configure:13778: gcc -c -g -O2 -fdebug-prefix-map=/home/sseitz/src/nxlog-ce-2.10.7=. -fstack-protector-strong -Wformat -Werror=format-security   -DLINUX -D_REENTRANT -D_GNU_SOURCE -Wdate-time -D_FORTIFY_SOURCE=2 conftest.c >&5
configure:13778: $? = 0
configure:13778: result: yes
configure:13778: checking langinfo.h presence
configure:13778: gcc -E -Wdate-time -D_FORTIFY_SOURCE=2 conftest.c
configure:13778: $? = 0
configure:13778: result: yes
configure:13778: checking for langinfo.h
configure:13778: result: yes
configure:13793: checking for nl_langinfo
configure:13793: gcc -o conftest -g -O2 -fdebug-prefix-map=/home/sseitz/src/nxlog-ce-2.10.7=. -fstack-protector-strong -Wformat -Werror=format-security   -DLINUX -D_REENTRANT -D_GNU_SOURCE -Wdate-time -D_FORTIFY_SOURCE=2 -Wl,-Bsymbolic-functions -Wl,-z,relro   conftest.c   -L/usr/lib/x86_64-linux-gnu -lapr-1  >&5
configure:13793: $? = 0
configure:13793: result: yes
configure:13904: checking for struct tm.tm_gmtoff
configure:13904: gcc -c -g -O2 -fdebug-prefix-map=/home/sseitz/src/nxlog-ce-2.10.7=. -fstack-protector-strong -Wformat -Werror=format-security   -DLINUX -D_REENTRANT -D_GNU_SOURCE -Wdate-time -D_FORTIFY_SOURCE=2 conftest.c >&5
configure:13904: $? = 0
configure:13904: result: yes
configure:13916: checking for struct tm.__tm_gmtoff
configure:13916: gcc -c -g -O2 -fdebug-prefix-map=/home/sseitz/src/nxlog-ce-2.10.7=. -fstack-protector-strong -Wformat -Werror=format-security   -DLINUX -D_REENTRANT -D_GNU_SOURCE -Wdate-time -D_FORTIFY_SOURCE=2 conftest.c >&5
conftest.c: In function 'main':
conftest.c:66:13: error: 'struct tm' has no member named '__tm_gmtoff'; did you mean 'tm_gmtoff'?
 if (ac_aggr.__tm_gmtoff)
             ^~~~~~~~~~~
             tm_gmtoff
configure:13916: $? = 1
configure: failed program was:
| /* confdefs.h */
| #define PACKAGE_NAME "nxlog-ce"
| #define PACKAGE_TARNAME "nxlog-ce"
| #define PACKAGE_VERSION "2.10.4"
| #define PACKAGE_STRING "nxlog-ce 2.10.4"
| #define PACKAGE_BUGREPORT "support@nxlog.org"
| #define PACKAGE_URL ""
| #define PACKAGE "nxlog-ce"
| #define VERSION "2.10.4"
| #define STDC_HEADERS 1
| #define HAVE_SYS_TYPES_H 1
| #define HAVE_SYS_STAT_H 1
| #define HAVE_STDLIB_H 1
| #define HAVE_STRING_H 1
| #define HAVE_MEMORY_H 1
| #define HAVE_STRINGS_H 1
| #define HAVE_INTTYPES_H 1
| #define HAVE_STDINT_H 1
| #define HAVE_UNISTD_H 1
| #define HAVE_DLFCN_H 1
| #define LT_OBJDIR ".libs/"
| #define HAVE_APR_POLLSET_WAKEUP 1
| #define HAVE_APR_SOCKADDR_IP_GETBUF 1
| #define HAVE_APR_FILE_SYNC 1
| #define HAVE_APR_FILE_LINK 1
| #define HAVE_APR_POOL_CREATE_UNMANAGED_EX 1
| #define HAVE_DBI_DBI_H 1
| #define HAVE_DBI_INITIALIZE_R 1
| #define STDC_HEADERS 1
| #define HAVE_SYSLOG_H 1
| #define HAVE_PCRE_H 1
| #define HAVE_DECL_PCRE_ERROR_BADUTF8 1
| #define HAVE_DECL_PCRE_ERROR_BADUTF8_OFFSET 1
| #define HAVE_OPENSSL_EVP_H 1
| #define HAVE_LIBCRYPTO 1
| #define HAVE_LIBSSL 1
| #define HAVE_EVP_MD5 1
| #define HAVE_EVP_SHA1 1
| #define HAVE_EVP_SHA256 1
| #define HAVE_EVP_SHA512 1
| #define HAVE_EVP_RIPEMD160 1
| #define HAVE_KLOGCTL 1
| #define HAVE_SYS_KLOG_H 1
| #define HAVE_GRP_H 1
| #define HAVE_GETGROUPLIST 1
| #define HAVE_SETGROUPS 1
| #define HAVE_PCRE_H 1
| #define HAVE_SYS_PRCTL_H 1
| #define HAVE_PRCTL 1
| #define HAVE_SYS_CAPABILITY_H 1
| #define HAVE_EXECINFO_H 1
| #define HAVE_BACKTRACE_SYMBOLS 1
| #define HAVE_ICONV_OPEN 1
| #define HAVE_LANGINFO_H 1
| #define HAVE_NL_LANGINFO 1
| #define HAVE_STRUCT_TM_TM_GMTOFF 1
| /* end confdefs.h.  */
| 
| #include <sys/types.h>
| #include <time.h>
| 
| int
| main ()
| {
| static struct tm ac_aggr;
| if (ac_aggr.__tm_gmtoff)
| return 0;
|   ;
|   return 0;
| }
configure:13916: gcc -c -g -O2 -fdebug-prefix-map=/home/sseitz/src/nxlog-ce-2.10.7=. -fstack-protector-strong -Wformat -Werror=format-security   -DLINUX -D_REENTRANT -D_GNU_SOURCE -Wdate-time -D_FORTIFY_SOURCE=2 conftest.c >&5
conftest.c: In function 'main':
conftest.c:66:20: error: 'struct tm' has no member named '__tm_gmtoff'; did you mean 'tm_gmtoff'?
 if (sizeof ac_aggr.__tm_gmtoff)
                    ^~~~~~~~~~~
                    tm_gmtoff
configure:13916: $? = 1
configure: failed program was:
| /* confdefs.h */
| #define PACKAGE_NAME "nxlog-ce"
| #define PACKAGE_TARNAME "nxlog-ce"
| #define PACKAGE_VERSION "2.10.4"
| #define PACKAGE_STRING "nxlog-ce 2.10.4"
| #define PACKAGE_BUGREPORT "support@nxlog.org"
| #define PACKAGE_URL ""
| #define PACKAGE "nxlog-ce"
| #define VERSION "2.10.4"
| #define STDC_HEADERS 1
| #define HAVE_SYS_TYPES_H 1
| #define HAVE_SYS_STAT_H 1
| #define HAVE_STDLIB_H 1
| #define HAVE_STRING_H 1
| #define HAVE_MEMORY_H 1
| #define HAVE_STRINGS_H 1
| #define HAVE_INTTYPES_H 1
| #define HAVE_STDINT_H 1
| #define HAVE_UNISTD_H 1
| #define HAVE_DLFCN_H 1
| #define LT_OBJDIR ".libs/"
| #define HAVE_APR_POLLSET_WAKEUP 1
| #define HAVE_APR_SOCKADDR_IP_GETBUF 1
| #define HAVE_APR_FILE_SYNC 1
| #define HAVE_APR_FILE_LINK 1
| #define HAVE_APR_POOL_CREATE_UNMANAGED_EX 1
| #define HAVE_DBI_DBI_H 1
| #define HAVE_DBI_INITIALIZE_R 1
| #define STDC_HEADERS 1
| #define HAVE_SYSLOG_H 1
| #define HAVE_PCRE_H 1
| #define HAVE_DECL_PCRE_ERROR_BADUTF8 1
| #define HAVE_DECL_PCRE_ERROR_BADUTF8_OFFSET 1
| #define HAVE_OPENSSL_EVP_H 1
| #define HAVE_LIBCRYPTO 1
| #define HAVE_LIBSSL 1
| #define HAVE_EVP_MD5 1
| #define HAVE_EVP_SHA1 1
| #define HAVE_EVP_SHA256 1
| #define HAVE_EVP_SHA512 1
| #define HAVE_EVP_RIPEMD160 1
| #define HAVE_KLOGCTL 1
| #define HAVE_SYS_KLOG_H 1
| #define HAVE_GRP_H 1
| #define HAVE_GETGROUPLIST 1
| #define HAVE_SETGROUPS 1
| #define HAVE_PCRE_H 1
| #define HAVE_SYS_PRCTL_H 1
| #define HAVE_PRCTL 1
| #define HAVE_SYS_CAPABILITY_H 1
| #define HAVE_EXECINFO_H 1
| #define HAVE_BACKTRACE_SYMBOLS 1
| #define HAVE_ICONV_OPEN 1
| #define HAVE_LANGINFO_H 1
| #define HAVE_NL_LANGINFO 1
| #define HAVE_STRUCT_TM_TM_GMTOFF 1
| /* end confdefs.h.  */
| 
| #include <sys/types.h>
| #include <time.h>
| 
| int
| main ()
| {
| static struct tm ac_aggr;
| if (sizeof ac_aggr.__tm_gmtoff)
| return 0;
|   ;
|   return 0;
| }
configure:13916: result: no
configure:13933: checking for strptime
configure:13933: gcc -o conftest -g -O2 -fdebug-prefix-map=/home/sseitz/src/nxlog-ce-2.10.7=. -fstack-protector-strong -Wformat -Werror=format-security   -DLINUX -D_REENTRANT -D_GNU_SOURCE -Wdate-time -D_FORTIFY_SOURCE=2 -Wl,-Bsymbolic-functions -Wl,-z,relro   conftest.c   -L/usr/lib/x86_64-linux-gnu -lapr-1  >&5
configure:13933: $? = 0
configure:13933: result: yes
configure:13950: checking for chown
configure:13950: gcc -o conftest -g -O2 -fdebug-prefix-map=/home/sseitz/src/nxlog-ce-2.10.7=. -fstack-protector-strong -Wformat -Werror=format-security   -DLINUX -D_REENTRANT -D_GNU_SOURCE -Wdate-time -D_FORTIFY_SOURCE=2 -Wl,-Bsymbolic-functions -Wl,-z,relro   conftest.c   -L/usr/lib/x86_64-linux-gnu -lapr-1  >&5
configure:13950: $? = 0
configure:13950: result: yes
configure:13950: checking for chmod
configure:13950: gcc -o conftest -g -O2 -fdebug-prefix-map=/home/sseitz/src/nxlog-ce-2.10.7=. -fstack-protector-strong -Wformat -Werror=format-security   -DLINUX -D_REENTRANT -D_GNU_SOURCE -Wdate-time -D_FORTIFY_SOURCE=2 -Wl,-Bsymbolic-functions -Wl,-z,relro   conftest.c   -L/usr/lib/x86_64-linux-gnu -lapr-1  >&5
configure:13950: $? = 0
configure:13950: result: yes
configure:13961: checking whether AF_UNIX is declared
configure:13961: gcc -c -g -O2 -fdebug-prefix-map=/home/sseitz/src/nxlog-ce-2.10.7=. -fstack-protector-strong -Wformat -Werror=format-security   -DLINUX -D_REENTRANT -D_GNU_SOURCE -Wdate-time -D_FORTIFY_SOURCE=2 conftest.c >&5
configure:13961: $? = 0
configure:13961: result: yes
configure:13989: checking whether xm_perl is set/enabled
configure:14031: result: yes
configure:14044: checking for perl
configure:14060: found /usr/bin/perl
configure:14071: result: perl
configure:14095: checking for perl_parse
configure:14095: gcc -o conftest -g -O2 -fdebug-prefix-map=/home/sseitz/src/nxlog-ce-2.10.7=. -fstack-protector-strong -Wformat -Werror=format-security   -DLINUX -D_REENTRANT -D_GNU_SOURCE  -D_REENTRANT -D_GNU_SOURCE -DDEBIAN -fwrapv -fno-strict-aliasing -pipe -I/usr/local/include -D_LARGEFILE_SOURCE -D_FILE_OFFSET_BITS=64  -I/usr/lib/x86_64-linux-gnu/perl/5.26/CORE  -Wdate-time -D_FORTIFY_SOURCE=2 -Wl,-Bsymbolic-functions -Wl,-z,relro   conftest.c   -L/usr/lib/x86_64-linux-gnu -lapr-1  -Wl,-E  -fstack-protector-strong -L/usr/local/lib  -L/usr/lib/x86_64-linux-gnu/perl/5.26/CORE -lperl -ldl -lm -lpthread -lc -lcrypt >&5
configure:14095: $? = 0
configure:14095: result: yes
configure:14170: checking whether documentation is set/enabled
configure:14212: result: no
configure:14245: checking utmp.h usability
configure:14245: gcc -c -g -O2 -fdebug-prefix-map=/home/sseitz/src/nxlog-ce-2.10.7=. -fstack-protector-strong -Wformat -Werror=format-security   -DLINUX -D_REENTRANT -D_GNU_SOURCE -Wdate-time -D_FORTIFY_SOURCE=2 conftest.c >&5
configure:14245: $? = 0
configure:14245: result: yes
configure:14245: checking utmp.h presence
configure:14245: gcc -E -Wdate-time -D_FORTIFY_SOURCE=2 conftest.c
configure:14245: $? = 0
configure:14245: result: yes
configure:14245: checking for utmp.h
configure:14245: result: yes
configure:14273: checking whether gcc accepts -Werror
configure:14290: gcc -c -Werror -Wdate-time -D_FORTIFY_SOURCE=2 conftest.c >&5
configure:14290: $? = 0
configure:14298: result: yes
configure:14301: checking whether gcc accepts -pipe
configure:14327: gcc -c -g -O2 -fdebug-prefix-map=/home/sseitz/src/nxlog-ce-2.10.7=. -fstack-protector-strong -Wformat -Werror=format-security   -DLINUX -D_REENTRANT -D_GNU_SOURCE -pipe -Wdate-time -D_FORTIFY_SOURCE=2 conftest.c >&5
configure:14327: $? = 0
configure:14335: result: -pipe
configure:14340: checking whether gcc accepts -W
configure:14366: gcc -c -g -O2 -fdebug-prefix-map=/home/sseitz/src/nxlog-ce-2.10.7=. -fstack-protector-strong -Wformat -Werror=format-security   -DLINUX -D_REENTRANT -D_GNU_SOURCE -pipe -W -Wdate-time -D_FORTIFY_SOURCE=2 conftest.c >&5
configure:14366: $? = 0
configure:14374: result: -W
configure:14379: checking whether gcc accepts -Wall
configure:14405: gcc -c -g -O2 -fdebug-prefix-map=/home/sseitz/src/nxlog-ce-2.10.7=. -fstack-protector-strong -Wformat -Werror=format-security   -DLINUX -D_REENTRANT -D_GNU_SOURCE -pipe -W -Wall -Wdate-time -D_FORTIFY_SOURCE=2 conftest.c >&5
configure:14405: $? = 0
configure:14413: result: -Wall
configure:14418: checking whether gcc accepts -Wshadow
configure:14444: gcc -c -g -O2 -fdebug-prefix-map=/home/sseitz/src/nxlog-ce-2.10.7=. -fstack-protector-strong -Wformat -Werror=format-security   -DLINUX -D_REENTRANT -D_GNU_SOURCE -pipe -W -Wall -Wshadow -Wdate-time -D_FORTIFY_SOURCE=2 conftest.c >&5
configure:14444: $? = 0
configure:14452: result: -Wshadow
configure:14457: checking whether gcc accepts -Wno-address
configure:14483: gcc -c -g -O2 -fdebug-prefix-map=/home/sseitz/src/nxlog-ce-2.10.7=. -fstack-protector-strong -Wformat -Werror=format-security   -DLINUX -D_REENTRANT -D_GNU_SOURCE -pipe -W -Wall -Wshadow -Wno-address -Wdate-time -D_FORTIFY_SOURCE=2 conftest.c >&5
configure:14483: $? = 0
configure:14491: result: -Wno-address
configure:14497: checking whether gcc accepts -Wcast-qual
configure:14523: gcc -c -g -O2 -fdebug-prefix-map=/home/sseitz/src/nxlog-ce-2.10.7=. -fstack-protector-strong -Wformat -Werror=format-security   -DLINUX -D_REENTRANT -D_GNU_SOURCE -pipe -W -Wall -Wshadow -Wno-address -Wcast-qual -Wdate-time -D_FORTIFY_SOURCE=2 conftest.c >&5
configure:14523: $? = 0
configure:14531: result: -Wcast-qual
configure:14536: checking whether gcc accepts -Wbad-function-cast
configure:14562: gcc -c -g -O2 -fdebug-prefix-map=/home/sseitz/src/nxlog-ce-2.10.7=. -fstack-protector-strong -Wformat -Werror=format-security   -DLINUX -D_REENTRANT -D_GNU_SOURCE -pipe -W -Wall -Wshadow -Wno-address -Wcast-qual -Wbad-function-cast -Wdate-time -D_FORTIFY_SOURCE=2 conftest.c >&5
configure:14562: $? = 0
configure:14570: result: -Wbad-function-cast
configure:14575: checking whether gcc accepts -Wsign-compare
configure:14601: gcc -c -g -O2 -fdebug-prefix-map=/home/sseitz/src/nxlog-ce-2.10.7=. -fstack-protector-strong -Wformat -Werror=format-security   -DLINUX -D_REENTRANT -D_GNU_SOURCE -pipe -W -Wall -Wshadow -Wno-address -Wcast-qual -Wbad-function-cast -Wsign-compare -Wdate-time -D_FORTIFY_SOURCE=2 conftest.c >&5
configure:14601: $? = 0
configure:14609: result: -Wsign-compare
configure:14614: checking whether gcc accepts -Wconversion
configure:14640: gcc -c -g -O2 -fdebug-prefix-map=/home/sseitz/src/nxlog-ce-2.10.7=. -fstack-protector-strong -Wformat -Werror=format-security   -DLINUX -D_REENTRANT -D_GNU_SOURCE -pipe -W -Wall -Wshadow -Wno-address -Wcast-qual -Wbad-function-cast -Wsign-compare -Wconversion -Wdate-time -D_FORTIFY_SOURCE=2 conftest.c >&5
configure:14640: $? = 0
configure:14648: result: -Wconversion
configure:14653: checking whether gcc accepts -funsigned-char
configure:14679: gcc -c -g -O2 -fdebug-prefix-map=/home/sseitz/src/nxlog-ce-2.10.7=. -fstack-protector-strong -Wformat -Werror=format-security   -DLINUX -D_REENTRANT -D_GNU_SOURCE -pipe -W -Wall -Wshadow -Wno-address -Wcast-qual -Wbad-function-cast -Wsign-compare -Wconversion -funsigned-char -Wdate-time -D_FORTIFY_SOURCE=2 conftest.c >&5
configure:14679: $? = 0
configure:14687: result: -funsigned-char
configure:14692: checking whether gcc accepts -Werror-implicit-function-declaration
configure:14718: gcc -c -g -O2 -fdebug-prefix-map=/home/sseitz/src/nxlog-ce-2.10.7=. -fstack-protector-strong -Wformat -Werror=format-security   -DLINUX -D_REENTRANT -D_GNU_SOURCE -pipe -W -Wall -Wshadow -Wno-address -Wcast-qual -Wbad-function-cast -Wsign-compare -Wconversion -funsigned-char -Werror-implicit-function-declaration -Wdate-time -D_FORTIFY_SOURCE=2 conftest.c >&5
configure:14718: $? = 0
configure:14726: result: -Werror-implicit-function-declaration
configure:14731: checking whether gcc accepts -Wswitch-default
configure:14757: gcc -c -g -O2 -fdebug-prefix-map=/home/sseitz/src/nxlog-ce-2.10.7=. -fstack-protector-strong -Wformat -Werror=format-security   -DLINUX -D_REENTRANT -D_GNU_SOURCE -pipe -W -Wall -Wshadow -Wno-address -Wcast-qual -Wbad-function-cast -Wsign-compare -Wconversion -funsigned-char -Werror-implicit-function-declaration -Wswitch-default -Wdate-time -D_FORTIFY_SOURCE=2 conftest.c >&5
configure:14757: $? = 0
configure:14765: result: -Wswitch-default
configure:14770: checking whether gcc accepts -fstrict-aliasing
configure:14796: gcc -c -g -O2 -fdebug-prefix-map=/home/sseitz/src/nxlog-ce-2.10.7=. -fstack-protector-strong -Wformat -Werror=format-security   -DLINUX -D_REENTRANT -D_GNU_SOURCE -pipe -W -Wall -Wshadow -Wno-address -Wcast-qual -Wbad-function-cast -Wsign-compare -Wconversion -funsigned-char -Werror-implicit-function-declaration -Wswitch-default -fstrict-aliasing -Wdate-time -D_FORTIFY_SOURCE=2 conftest.c >&5
configure:14796: $? = 0
configure:14804: result: -fstrict-aliasing
configure:14809: checking whether gcc accepts -Wpointer-arith
configure:14835: gcc -c -g -O2 -fdebug-prefix-map=/home/sseitz/src/nxlog-ce-2.10.7=. -fstack-protector-strong -Wformat -Werror=format-security   -DLINUX -D_REENTRANT -D_GNU_SOURCE -pipe -W -Wall -Wshadow -Wno-address -Wcast-qual -Wbad-function-cast -Wsign-compare -Wconversion -funsigned-char -Werror-implicit-function-declaration -Wswitch-default -fstrict-aliasing -Wpointer-arith -Wdate-time -D_FORTIFY_SOURCE=2 conftest.c >&5
configure:14835: $? = 0
configure:14843: result: -Wpointer-arith
configure:14848: checking whether gcc accepts -Wcast-align
configure:14874: gcc -c -g -O2 -fdebug-prefix-map=/home/sseitz/src/nxlog-ce-2.10.7=. -fstack-protector-strong -Wformat -Werror=format-security   -DLINUX -D_REENTRANT -D_GNU_SOURCE -pipe -W -Wall -Wshadow -Wno-address -Wcast-qual -Wbad-function-cast -Wsign-compare -Wconversion -funsigned-char -Werror-implicit-function-declaration -Wswitch-default -fstrict-aliasing -Wpointer-arith -Wcast-align -Wdate-time -D_FORTIFY_SOURCE=2 conftest.c >&5
configure:14874: $? = 0
configure:14882: result: -Wcast-align
configure:14887: checking whether gcc accepts -Wwrite-strings
configure:14913: gcc -c -g -O2 -fdebug-prefix-map=/home/sseitz/src/nxlog-ce-2.10.7=. -fstack-protector-strong -Wformat -Werror=format-security   -DLINUX -D_REENTRANT -D_GNU_SOURCE -pipe -W -Wall -Wshadow -Wno-address -Wcast-qual -Wbad-function-cast -Wsign-compare -Wconversion -funsigned-char -Werror-implicit-function-declaration -Wswitch-default -fstrict-aliasing -Wpointer-arith -Wcast-align -Wwrite-strings -Wdate-time -D_FORTIFY_SOURCE=2 conftest.c >&5
configure:14913: $? = 0
configure:14921: result: -Wwrite-strings
configure:14926: checking whether gcc accepts -Wmissing-noreturn
configure:14952: gcc -c -g -O2 -fdebug-prefix-map=/home/sseitz/src/nxlog-ce-2.10.7=. -fstack-protector-strong -Wformat -Werror=format-security   -DLINUX -D_REENTRANT -D_GNU_SOURCE -pipe -W -Wall -Wshadow -Wno-address -Wcast-qual -Wbad-function-cast -Wsign-compare -Wconversion -funsigned-char -Werror-implicit-function-declaration -Wswitch-default -fstrict-aliasing -Wpointer-arith -Wcast-align -Wwrite-strings -Wmissing-noreturn -Wdate-time -D_FORTIFY_SOURCE=2 conftest.c >&5
configure:14952: $? = 0
configure:14960: result: -Wmissing-noreturn
configure:14965: checking whether gcc accepts -Wmissing-format-attribute
configure:14991: gcc -c -g -O2 -fdebug-prefix-map=/home/sseitz/src/nxlog-ce-2.10.7=. -fstack-protector-strong -Wformat -Werror=format-security   -DLINUX -D_REENTRANT -D_GNU_SOURCE -pipe -W -Wall -Wshadow -Wno-address -Wcast-qual -Wbad-function-cast -Wsign-compare -Wconversion -funsigned-char -Werror-implicit-function-declaration -Wswitch-default -fstrict-aliasing -Wpointer-arith -Wcast-align -Wwrite-strings -Wmissing-noreturn -Wmissing-format-attribute -Wdate-time -D_FORTIFY_SOURCE=2 conftest.c >&5
configure:14991: $? = 0
configure:14999: result: -Wmissing-format-attribute
configure:15004: checking whether gcc accepts -Wformat
configure:15030: gcc -c -g -O2 -fdebug-prefix-map=/home/sseitz/src/nxlog-ce-2.10.7=. -fstack-protector-strong -Wformat -Werror=format-security   -DLINUX -D_REENTRANT -D_GNU_SOURCE -pipe -W -Wall -Wshadow -Wno-address -Wcast-qual -Wbad-function-cast -Wsign-compare -Wconversion -funsigned-char -Werror-implicit-function-declaration -Wswitch-default -fstrict-aliasing -Wpointer-arith -Wcast-align -Wwrite-strings -Wmissing-noreturn -Wmissing-format-attribute -Wformat -Wdate-time -D_FORTIFY_SOURCE=2 conftest.c >&5
configure:15030: $? = 0
configure:15038: result: -Wformat
configure:15043: checking whether gcc accepts -Wextra
configure:15069: gcc -c -g -O2 -fdebug-prefix-map=/home/sseitz/src/nxlog-ce-2.10.7=. -fstack-protector-strong -Wformat -Werror=format-security   -DLINUX -D_REENTRANT -D_GNU_SOURCE -pipe -W -Wall -Wshadow -Wno-address -Wcast-qual -Wbad-function-cast -Wsign-compare -Wconversion -funsigned-char -Werror-implicit-function-declaration -Wswitch-default -fstrict-aliasing -Wpointer-arith -Wcast-align -Wwrite-strings -Wmissing-noreturn -Wmissing-format-attribute -Wformat -Wextra -Wdate-time -D_FORTIFY_SOURCE=2 conftest.c >&5
configure:15069: $? = 0
configure:15077: result: -Wextra
configure:15082: checking whether gcc accepts -Werror=format-security
configure:15108: gcc -c -g -O2 -fdebug-prefix-map=/home/sseitz/src/nxlog-ce-2.10.7=. -fstack-protector-strong -Wformat -Werror=format-security   -DLINUX -D_REENTRANT -D_GNU_SOURCE -pipe -W -Wall -Wshadow -Wno-address -Wcast-qual -Wbad-function-cast -Wsign-compare -Wconversion -funsigned-char -Werror-implicit-function-declaration -Wswitch-default -fstrict-aliasing -Wpointer-arith -Wcast-align -Wwrite-strings -Wmissing-noreturn -Wmissing-format-attribute -Wformat -Wextra -Werror=format-security -Wdate-time -D_FORTIFY_SOURCE=2 conftest.c >&5
configure:15108: $? = 0
configure:15116: result: -Werror=format-security
configure:15129: checking whether gcc accepts -rdynamic
configure:15155: gcc -c -g -O2 -fdebug-prefix-map=/home/sseitz/src/nxlog-ce-2.10.7=. -fstack-protector-strong -Wformat -Werror=format-security   -DLINUX -D_REENTRANT -D_GNU_SOURCE -pipe -W -Wall -Wshadow -Wno-address -Wcast-qual -Wbad-function-cast -Wsign-compare -Wconversion -funsigned-char -Werror-implicit-function-declaration -Wswitch-default -fstrict-aliasing -Wpointer-arith -Wcast-align -Wwrite-strings -Wmissing-noreturn -Wmissing-format-attribute -Wformat -Wextra -Werror=format-security -rdynamic -Wdate-time -D_FORTIFY_SOURCE=2 conftest.c >&5
configure:15155: $? = 0
configure:15163: result: -rdynamic
configure:15182: checking for special C compiler options needed for large files
configure:15227: result: no
configure:15233: checking for _FILE_OFFSET_BITS value needed for large files
configure:15258: gcc -c -g -O2 -fdebug-prefix-map=/home/sseitz/src/nxlog-ce-2.10.7=. -fstack-protector-strong -Wformat -Werror=format-security   -DLINUX -D_REENTRANT -D_GNU_SOURCE -pipe -W -Wall -Wshadow -Wno-address -Wcast-qual -Wbad-function-cast -Wsign-compare -Wconversion -funsigned-char -Werror-implicit-function-declaration -Wswitch-default -fstrict-aliasing -Wpointer-arith -Wcast-align -Wwrite-strings -Wmissing-noreturn -Wmissing-format-attribute -Wformat -Wextra -Werror=format-security -rdynamic -Wdate-time -D_FORTIFY_SOURCE=2 conftest.c >&5
configure:15258: $? = 0
configure:15290: result: no
configure:15379: checking whether gcc accepts -ggdb3 -g3
configure:15405: gcc -c -g -O2 -fdebug-prefix-map=/home/sseitz/src/nxlog-ce-2.10.7=. -fstack-protector-strong -Wformat -Werror=format-security   -DLINUX -D_REENTRANT -D_GNU_SOURCE -pipe -W -Wall -Wshadow -Wno-address -Wcast-qual -Wbad-function-cast -Wsign-compare -Wconversion -funsigned-char -Werror-implicit-function-declaration -Wswitch-default -fstrict-aliasing -Wpointer-arith -Wcast-align -Wwrite-strings -Wmissing-noreturn -Wmissing-format-attribute -Wformat -Wextra -Werror=format-security -rdynamic -ggdb3 -Wdate-time -D_FORTIFY_SOURCE=2 conftest.c >&5
configure:15405: $? = 0
configure:15413: result: -ggdb3
configure:15616: checking that generated files are newer than configure
configure:15622: result: done
configure:15681: creating ./config.status

## ---------------------- ##
## Running config.status. ##
## ---------------------- ##

This file was extended by nxlog-ce config.status 2.10.4, which was
generated by GNU Autoconf 2.69.  Invocation command line was

  CONFIG_FILES    = 
  CONFIG_HEADERS  = 
  CONFIG_LINKS    = 
  CONFIG_COMMANDS = 
  $ ./config.status 

on itp-25-nb-01

config.status:1247: creating Makefile
config.status:1247: creating doc/Makefile
config.status:1247: creating doc/reference-manual/Makefile
config.status:1247: creating doc/reference-manual/config-examples/Makefile
config.status:1247: creating doc/reference-manual/en/Makefile
config.status:1247: creating doc/reference-manual/hu/Makefile
config.status:1247: creating test/Makefile
config.status:1247: creating test/common/Makefile
config.status:1247: creating test/coresrc/Makefile
config.status:1247: creating src/Makefile
config.status:1247: creating src/common/Makefile
config.status:1247: creating src/core/Makefile
config.status:1247: creating src/modules/Makefile
config.status:1247: creating src/modules/input/Makefile
config.status:1247: creating src/modules/input/file/Makefile
config.status:1247: creating src/modules/input/uds/Makefile
config.status:1247: creating src/modules/input/kernel/Makefile
config.status:1247: creating src/modules/input/udp/Makefile
config.status:1247: creating src/modules/input/tcp/Makefile
config.status:1247: creating src/modules/input/ssl/Makefile
config.status:1247: creating src/modules/input/testgen/Makefile
config.status:1247: creating src/modules/input/null/Makefile
config.status:1247: creating src/modules/input/mark/Makefile
config.status:1247: creating src/modules/input/internal/Makefile
config.status:1247: creating src/modules/input/dbi/Makefile
config.status:1247: creating src/modules/input/exec/Makefile
config.status:1247: creating src/modules/processor/Makefile
config.status:1247: creating src/modules/processor/null/Makefile
config.status:1247: creating src/modules/processor/filter/Makefile
config.status:1247: creating src/modules/processor/transformer/Makefile
config.status:1247: creating src/modules/processor/norepeat/Makefile
config.status:1247: creating src/modules/processor/buffer/Makefile
config.status:1247: creating src/modules/processor/blocker/Makefile
config.status:1247: creating src/modules/processor/pattern/Makefile
config.status:1247: creating src/modules/processor/evcorr/Makefile
config.status:1247: creating src/modules/output/Makefile
config.status:1247: creating src/modules/output/file/Makefile
config.status:1247: creating src/modules/output/udp/Makefile
config.status:1247: creating src/modules/output/tcp/Makefile
config.status:1247: creating src/modules/output/ssl/Makefile
config.status:1247: creating src/modules/output/null/Makefile
config.status:1247: creating src/modules/output/dbi/Makefile
config.status:1247: creating src/modules/output/blocker/Makefile
config.status:1247: creating src/modules/output/uds/Makefile
config.status:1247: creating src/modules/output/exec/Makefile
config.status:1247: creating src/modules/output/http/Makefile
config.status:1247: creating src/modules/extension/Makefile
config.status:1247: creating src/modules/extension/syslog/Makefile
config.status:1247: creating src/modules/extension/exec/Makefile
config.status:1247: creating src/modules/extension/csv/Makefile
config.status:1247: creating src/modules/extension/kvp/Makefile
config.status:1247: creating src/modules/extension/charconv/Makefile
config.status:1247: creating src/modules/extension/json/Makefile
config.status:1247: creating src/modules/extension/json/yajl/Makefile
config.status:1247: creating src/modules/extension/xml/Makefile
config.status:1247: creating src/modules/extension/gelf/Makefile
config.status:1247: creating src/modules/extension/fileop/Makefile
config.status:1247: creating src/modules/extension/multiline/Makefile
config.status:1247: creating src/modules/extension/perl/Makefile
config.status:1247: creating src/modules/extension/wtmp/Makefile
config.status:1247: creating src/modules/extension/resolve2/Makefile
config.status:1247: creating src/utils/Makefile
config.status:1247: creating src/common/config.h
config.status:1476: executing depfiles commands
config.status:1476: executing libtool commands

## ---------------- ##
## Cache variables. ##
## ---------------- ##

ac_cv_build=x86_64-unknown-linux-gnu
ac_cv_c_compiler_gnu=yes
ac_cv_c_flag_fstrict_aliasing=-fstrict-aliasing
ac_cv_c_flag_funsigned_char=-funsigned-char
ac_cv_c_flag_g=-ggdb3
ac_cv_c_flag_pipe=-pipe
ac_cv_c_flag_rdynamic=-rdynamic
ac_cv_c_flag_w=-W
ac_cv_c_flag_wall=-Wall
ac_cv_c_flag_wbad_function_cast=-Wbad-function-cast
ac_cv_c_flag_wcast_align=-Wcast-align
ac_cv_c_flag_wcast_qual=-Wcast-qual
ac_cv_c_flag_wconversion=-Wconversion
ac_cv_c_flag_werror_format_security=-Werror=format-security
ac_cv_c_flag_werror_implicit_function_declaration=-Werror-implicit-function-declaration
ac_cv_c_flag_wextra=-Wextra
ac_cv_c_flag_wformat=-Wformat
ac_cv_c_flag_wmissing_format_attribute=-Wmissing-format-attribute
ac_cv_c_flag_wmissing_noreturn=-Wmissing-noreturn
ac_cv_c_flag_wno_address=-Wno-address
ac_cv_c_flag_wpointer_arith=-Wpointer-arith
ac_cv_c_flag_wshadow=-Wshadow
ac_cv_c_flag_wsign_compare=-Wsign-compare
ac_cv_c_flag_wswitch_default=-Wswitch-default
ac_cv_c_flag_wwrite_strings=-Wwrite-strings
ac_cv_c_option_werror=yes
ac_cv_enable_documentation=no
ac_cv_enable_xm_perl=yes
ac_cv_env_APRCONFIG_set=
ac_cv_env_APRCONFIG_value=
ac_cv_env_CC_set=
ac_cv_env_CC_value=
ac_cv_env_CFLAGS_set=set
ac_cv_env_CFLAGS_value='-g -O2 -fdebug-prefix-map=/home/sseitz/src/nxlog-ce-2.10.7=. -fstack-protector-strong -Wformat -Werror=format-security'
ac_cv_env_CPPFLAGS_set=set
ac_cv_env_CPPFLAGS_value='-Wdate-time -D_FORTIFY_SOURCE=2'
ac_cv_env_CPP_set=
ac_cv_env_CPP_value=
ac_cv_env_LDFLAGS_set=set
ac_cv_env_LDFLAGS_value='-Wl,-Bsymbolic-functions -Wl,-z,relro'
ac_cv_env_LIBS_set=
ac_cv_env_LIBS_value=
ac_cv_env_LT_SYS_LIBRARY_PATH_set=
ac_cv_env_LT_SYS_LIBRARY_PATH_value=
ac_cv_env_PCRECONFIG_set=
ac_cv_env_PCRECONFIG_value=
ac_cv_env_YACC_set=
ac_cv_env_YACC_value=
ac_cv_env_YFLAGS_set=
ac_cv_env_YFLAGS_value=
ac_cv_env_build_alias_set=
ac_cv_env_build_alias_value=
ac_cv_env_host_alias_set=
ac_cv_env_host_alias_value=
ac_cv_env_target_alias_set=
ac_cv_env_target_alias_value=
ac_cv_func_EVP_md5=yes
ac_cv_func_EVP_ripemd160=yes
ac_cv_func_EVP_sha1=yes
ac_cv_func_EVP_sha256=yes
ac_cv_func_EVP_sha512=yes
ac_cv_func_apr_file_link=yes
ac_cv_func_apr_file_sync=yes
ac_cv_func_apr_pollset_wakeup=yes
ac_cv_func_apr_pool_create_unmanaged_ex=yes
ac_cv_func_apr_sockaddr_ip_getbuf=yes
ac_cv_func_backtrace_symbols=yes
ac_cv_func_chmod=yes
ac_cv_func_chown=yes
ac_cv_func_dbi_initialize_r=yes
ac_cv_func_getgrouplist=yes
ac_cv_func_iconv_open=yes
ac_cv_func_klogctl=yes
ac_cv_func_nl_langinfo=yes
ac_cv_func_perl_parse=yes
ac_cv_func_prctl=yes
ac_cv_func_setgroups=yes
ac_cv_func_setpflags=no
ac_cv_func_strptime=yes
ac_cv_have_decl_AF_UNIX=yes
ac_cv_have_decl_PCRE_ERROR_BADUTF8=yes
ac_cv_have_decl_PCRE_ERROR_BADUTF8_OFFSET=yes
ac_cv_header_dbi_dbi_h=yes
ac_cv_header_dlfcn_h=yes
ac_cv_header_execinfo_h=yes
ac_cv_header_grp_h=yes
ac_cv_header_inttypes_h=yes
ac_cv_header_langinfo_h=yes
ac_cv_header_memory_h=yes
ac_cv_header_openssl_evp_h=yes
ac_cv_header_pcre_h=yes
ac_cv_header_stdc=yes
ac_cv_header_stdint_h=yes
ac_cv_header_stdlib_h=yes
ac_cv_header_string_h=yes
ac_cv_header_strings_h=yes
ac_cv_header_sys_capability_h=yes
ac_cv_header_sys_klog_h=yes
ac_cv_header_sys_prctl_h=yes
ac_cv_header_sys_stat_h=yes
ac_cv_header_sys_types_h=yes
ac_cv_header_syslog_h=yes
ac_cv_header_unistd_h=yes
ac_cv_header_utmp_h=yes
ac_cv_header_winevt_h=no
ac_cv_header_zlib_h=yes
ac_cv_host=x86_64-unknown-linux-gnu
ac_cv_lib_apr_1_apr_socket_create=yes
ac_cv_lib_cap_cap_from_name=yes
ac_cv_lib_crypto_EVP_CIPHER_CTX_init=yes
ac_cv_lib_dbi_dbi_initialize=yes
ac_cv_lib_expat_XML_Parse=yes
ac_cv_lib_ssl_SSL_library_init=yes
ac_cv_lib_z_deflate=yes
ac_cv_member_struct_tm___tm_gmtoff=no
ac_cv_member_struct_tm_tm_gmtoff=yes
ac_cv_objext=o
ac_cv_path_EGREP='/bin/grep -E'
ac_cv_path_FGREP='/bin/grep -F'
ac_cv_path_GREP=/bin/grep
ac_cv_path_SED=/bin/sed
ac_cv_path_apr_config=/usr/bin/apr-1-config
ac_cv_path_install='/usr/bin/install -c'
ac_cv_path_lt_DD=/bin/dd
ac_cv_path_mkdir=/bin/mkdir
ac_cv_path_pcre_config=/usr/bin/pcre-config
ac_cv_prog_AWK=gawk
ac_cv_prog_CPP='gcc -E'
ac_cv_prog_OPENSSL=openssl
ac_cv_prog_PERL=perl
ac_cv_prog_YACC='bison -y'
ac_cv_prog_ac_ct_AR=ar
ac_cv_prog_ac_ct_CC=gcc
ac_cv_prog_ac_ct_DLLTOOL=dlltool
ac_cv_prog_ac_ct_MANIFEST_TOOL=mt
ac_cv_prog_ac_ct_OBJDUMP=objdump
ac_cv_prog_ac_ct_RANLIB=ranlib
ac_cv_prog_ac_ct_STRIP=strip
ac_cv_prog_cc_c89=
ac_cv_prog_cc_g=yes
ac_cv_prog_make_make_set=yes
ac_cv_sys_file_offset_bits=no
ac_cv_sys_largefile_CC=no
ac_cv_target=x86_64-unknown-linux-gnu
am_cv_CC_dependencies_compiler_type=gcc3
am_cv_make_support_nested_variables=yes
am_cv_prog_cc_c_o=yes
am_cv_prog_tar_ustar=gnutar
lt_cv_ar_at_file=@
lt_cv_archive_cmds_need_lc=no
lt_cv_deplibs_check_method=pass_all
lt_cv_file_magic_cmd='$MAGIC_CMD'
lt_cv_file_magic_test_file=
lt_cv_ld_reload_flag=-r
lt_cv_nm_interface='BSD nm'
lt_cv_objdir=.libs
lt_cv_path_LD=/usr/bin/ld
lt_cv_path_NM='/usr/bin/nm -B'
lt_cv_path_mainfest_tool=no
lt_cv_prog_compiler_c_o=yes
lt_cv_prog_compiler_pic='-fPIC -DPIC'
lt_cv_prog_compiler_pic_works=yes
lt_cv_prog_compiler_rtti_exceptions=no
lt_cv_prog_compiler_static_works=yes
lt_cv_prog_gnu_ld=yes
lt_cv_sharedlib_from_linklib_cmd='printf %s\n'
lt_cv_shlibpath_overrides_runpath=yes
lt_cv_sys_global_symbol_pipe='sed -n -e '\''s/^.*[	 ]\([ABCDGIRSTW][ABCDGIRSTW]*\)[	 ][	 ]*\([_A-Za-z][_A-Za-z0-9]*\)$/\1 \2 \2/p'\'' | sed '\''/ __gnu_lto/d'\'''
lt_cv_sys_global_symbol_to_c_name_address='sed -n -e '\''s/^: \(.*\) .*$/  {"\1", (void *) 0},/p'\'' -e '\''s/^[ABCDGIRSTW][ABCDGIRSTW]* .* \(.*\)$/  {"\1", (void *) \&\1},/p'\'''
lt_cv_sys_global_symbol_to_c_name_address_lib_prefix='sed -n -e '\''s/^: \(.*\) .*$/  {"\1", (void *) 0},/p'\'' -e '\''s/^[ABCDGIRSTW][ABCDGIRSTW]* .* \(lib.*\)$/  {"\1", (void *) \&\1},/p'\'' -e '\''s/^[ABCDGIRSTW][ABCDGIRSTW]* .* \(.*\)$/  {"lib\1", (void *) \&\1},/p'\'''
lt_cv_sys_global_symbol_to_cdecl='sed -n -e '\''s/^T .* \(.*\)$/extern int \1();/p'\'' -e '\''s/^[ABCDGIRSTW][ABCDGIRSTW]* .* \(.*\)$/extern char \1;/p'\'''
lt_cv_sys_global_symbol_to_import=
lt_cv_sys_max_cmd_len=1572864
lt_cv_to_host_file_cmd=func_convert_file_noop
lt_cv_to_tool_file_cmd=func_convert_file_noop
lt_cv_truncate_bin='/bin/dd bs=4096 count=1'

## ----------------- ##
## Output variables. ##
## ----------------- ##

ACLOCAL='${SHELL} /home/sseitz/src/nxlog-ce-2.10.7/missing aclocal-1.15'
AMDEPBACKSLASH='\'
AMDEP_FALSE='#'
AMDEP_TRUE=''
AMTAR='$${TAR-tar}'
AM_BACKSLASH='\'
AM_DEFAULT_V='$(AM_DEFAULT_VERBOSITY)'
AM_DEFAULT_VERBOSITY='1'
AM_V='$(V)'
APRCONFIG=''
APR_CFLAGS='  -DLINUX -D_REENTRANT -D_GNU_SOURCE'
APR_LIBS=' -L/usr/lib/x86_64-linux-gnu -lapr-1 '
AR='ar'
AS='as'
AUTOCONF='${SHELL} /home/sseitz/src/nxlog-ce-2.10.7/missing autoconf'
AUTOHEADER='${SHELL} /home/sseitz/src/nxlog-ce-2.10.7/missing autoheader'
AUTOMAKE='${SHELL} /home/sseitz/src/nxlog-ce-2.10.7/missing automake-1.15'
AWK='gawk'
BUILD_DOCUMENTATION_FALSE=''
BUILD_DOCUMENTATION_TRUE='#'
BUILD_XM_WTMP_FALSE='#'
BUILD_XM_WTMP_TRUE=''
CC='gcc'
CCDEPMODE='depmode=gcc3'
CFLAGS='-g -O2 -fdebug-prefix-map=/home/sseitz/src/nxlog-ce-2.10.7=. -fstack-protector-strong -Wformat -Werror=format-security   -DLINUX -D_REENTRANT -D_GNU_SOURCE -pipe -W -Wall -Wshadow -Wno-address -Wcast-qual -Wbad-function-cast -Wsign-compare -Wconversion -funsigned-char -Werror-implicit-function-declaration -Wswitch-default -fstrict-aliasing -Wpointer-arith -Wcast-align -Wwrite-strings -Wmissing-noreturn -Wmissing-format-attribute -Wformat -Wextra -Werror=format-security -rdynamic -ggdb3'
CLEANFILES='*~'
CPP='gcc -E'
CPPFLAGS='-Wdate-time -D_FORTIFY_SOURCE=2'
CYGPATH_W='echo'
DEFS='-DHAVE_CONFIG_H'
DEPDIR='.deps'
DLLTOOL='dlltool'
DSYMUTIL=''
DUMPBIN=''
ECHO_C=''
ECHO_N='-n'
ECHO_T=''
EGREP='/bin/grep -E'
EXEEXT=''
FGREP='/bin/grep -F'
GREP='/bin/grep'
HAVE_AF_UNIX_FALSE='#'
HAVE_AF_UNIX_TRUE=''
HAVE_ANDROID_FALSE=''
HAVE_ANDROID_TRUE='#'
HAVE_ICONV_FALSE='#'
HAVE_ICONV_TRUE=''
HAVE_LIBDBI_FALSE='#'
HAVE_LIBDBI_TRUE=''
HAVE_PERL_FALSE='#'
HAVE_PERL_TRUE=''
HAVE_ZLIB_FALSE='#'
HAVE_ZLIB_TRUE=''
INCLUDES='  -I/usr/include/apr-1.0 '
INSTALL_DATA='${INSTALL} -m 644'
INSTALL_PROGRAM='${INSTALL}'
INSTALL_SCRIPT='${INSTALL}'
INSTALL_STRIP_PROGRAM='$(install_sh) -c -s'
LD='/usr/bin/ld -m elf_x86_64'
LDFLAGS='-Wl,-Bsymbolic-functions -Wl,-z,relro  '
LEX=':'
LEXLIB=''
LEX_OUTPUT_ROOT=''
LIBCAP='-lcap'
LIBDBI='-ldbi'
LIBEXPAT='-lexpat'
LIBICONV=''
LIBNX=''
LIBOBJS=''
LIBS='  -L/usr/lib/x86_64-linux-gnu -lapr-1 '
LIBSSL='-lcrypto -lssl'
LIBTOOL='$(SHELL) $(top_builddir)/libtool'
LIBZLIB='-lz'
LIPO=''
LN_S='ln -s'
LTLIBOBJS=''
LT_SYS_LIBRARY_PATH=''
MAINTAINERCLEANFILES='Makefile.in'
MAKEINFO='${SHELL} /home/sseitz/src/nxlog-ce-2.10.7/missing makeinfo'
MANIFEST_TOOL=':'
MKDIR_P='/bin/mkdir -p'
NM='/usr/bin/nm -B'
NMEDIT=''
NX_CACHEDIR='${prefix}/var/spool/nxlog'
NX_CONFIGFILE='${prefix}/etc/nxlog/nxlog.conf'
NX_MODULEDIR='${exec_prefix}/libexec/nxlog/modules'
NX_PIDFILE='${prefix}/var/run/nxlog/nxlog.pid'
OBJDUMP='objdump'
OBJEXT='o'
OPENSSL='openssl'
OTOOL64=''
OTOOL=''
PACKAGE='nxlog-ce'
PACKAGE_BUGREPORT='support@nxlog.org'
PACKAGE_NAME='nxlog-ce'
PACKAGE_STRING='nxlog-ce 2.10.4'
PACKAGE_TARNAME='nxlog-ce'
PACKAGE_URL=''
PACKAGE_VERSION='2.10.4'
PATH_SEPARATOR=':'
PCRECONFIG=''
PCRE_CFLAGS=''
PCRE_LIBS='-lpcre'
PERL='perl'
PERL_CFLAGS=' -D_REENTRANT -D_GNU_SOURCE -DDEBIAN -fwrapv -fno-strict-aliasing -pipe -I/usr/local/include -D_LARGEFILE_SOURCE -D_FILE_OFFSET_BITS=64  -I/usr/lib/x86_64-linux-gnu/perl/5.26/CORE '
PERL_LIBS='-Wl,-E  -fstack-protector-strong -L/usr/local/lib  -L/usr/lib/x86_64-linux-gnu/perl/5.26/CORE -lperl -ldl -lm -lpthread -lc -lcrypt'
RANLIB='ranlib'
SED='/bin/sed'
SET_MAKE=''
SHELL='/bin/bash'
STRIP='strip'
VERSION='2.10.4'
WIN32=''
WIN32_FALSE=''
WIN32_TRUE='#'
YACC='bison -y'
YFLAGS=''
ac_ct_AR='ar'
ac_ct_CC='gcc'
ac_ct_DUMPBIN=''
am__EXEEXT_FALSE=''
am__EXEEXT_TRUE='#'
am__fastdepCC_FALSE='#'
am__fastdepCC_TRUE=''
am__include='include'
am__isrc=''
am__leading_dot='.'
am__nodep='_no'
am__quote=''
am__tar='tar --format=ustar -chf - "$$tardir"'
am__untar='tar -xf -'
apr_config='/usr/bin/apr-1-config'
bindir='${exec_prefix}/bin'
build='x86_64-unknown-linux-gnu'
build_alias=''
build_cpu='x86_64'
build_os='linux-gnu'
build_vendor='unknown'
datadir='${datarootdir}'
datarootdir='${prefix}/share'
docdir='${datarootdir}/doc/${PACKAGE_TARNAME}'
dvidir='${docdir}'
exec_prefix='${prefix}'
host='x86_64-unknown-linux-gnu'
host_alias=''
host_cpu='x86_64'
host_os='linux-gnu'
host_vendor='unknown'
htmldir='${docdir}'
includedir='${prefix}/include'
infodir='${datarootdir}/info'
install_sh='${SHELL} /home/sseitz/src/nxlog-ce-2.10.7/install-sh'
libdir='${exec_prefix}/lib'
libexecdir='${exec_prefix}/libexec'
localedir='${datarootdir}/locale'
localstatedir='${prefix}/var'
mandir='${datarootdir}/man'
mkdir_p='$(MKDIR_P)'
oldincludedir='/usr/include'
pcre_config='/usr/bin/pcre-config'
pdfdir='${docdir}'
prefix='/usr/local'
program_transform_name='s,x,x,'
psdir='${docdir}'
runstatedir='${localstatedir}/run'
sbindir='${exec_prefix}/sbin'
sharedstatedir='${prefix}/com'
sysconfdir='${prefix}/etc'
target='x86_64-unknown-linux-gnu'
target_alias=''
target_cpu='x86_64'
target_os='linux-gnu'
target_vendor='unknown'

## ----------- ##
## confdefs.h. ##
## ----------- ##

/* confdefs.h */
#define PACKAGE_NAME "nxlog-ce"
#define PACKAGE_TARNAME "nxlog-ce"
#define PACKAGE_VERSION "2.10.4"
#define PACKAGE_STRING "nxlog-ce 2.10.4"
#define PACKAGE_BUGREPORT "support@nxlog.org"
#define PACKAGE_URL ""
#define PACKAGE "nxlog-ce"
#define VERSION "2.10.4"
#define STDC_HEADERS 1
#define HAVE_SYS_TYPES_H 1
#define HAVE_SYS_STAT_H 1
#define HAVE_STDLIB_H 1
#define HAVE_STRING_H 1
#define HAVE_MEMORY_H 1
#define HAVE_STRINGS_H 1
#define HAVE_INTTYPES_H 1
#define HAVE_STDINT_H 1
#define HAVE_UNISTD_H 1
#define HAVE_DLFCN_H 1
#define LT_OBJDIR ".libs/"
#define HAVE_APR_POLLSET_WAKEUP 1
#define HAVE_APR_SOCKADDR_IP_GETBUF 1
#define HAVE_APR_FILE_SYNC 1
#define HAVE_APR_FILE_LINK 1
#define HAVE_APR_POOL_CREATE_UNMANAGED_EX 1
#define HAVE_DBI_DBI_H 1
#define HAVE_DBI_INITIALIZE_R 1
#define STDC_HEADERS 1
#define HAVE_SYSLOG_H 1
#define HAVE_PCRE_H 1
#define HAVE_DECL_PCRE_ERROR_BADUTF8 1
#define HAVE_DECL_PCRE_ERROR_BADUTF8_OFFSET 1
#define HAVE_OPENSSL_EVP_H 1
#define HAVE_LIBCRYPTO 1
#define HAVE_LIBSSL 1
#define HAVE_EVP_MD5 1
#define HAVE_EVP_SHA1 1
#define HAVE_EVP_SHA256 1
#define HAVE_EVP_SHA512 1
#define HAVE_EVP_RIPEMD160 1
#define HAVE_KLOGCTL 1
#define HAVE_SYS_KLOG_H 1
#define HAVE_GRP_H 1
#define HAVE_GETGROUPLIST 1
#define HAVE_SETGROUPS 1
#define HAVE_PCRE_H 1
#define HAVE_SYS_PRCTL_H 1
#define HAVE_PRCTL 1
#define HAVE_SYS_CAPABILITY_H 1
#define HAVE_EXECINFO_H 1
#define HAVE_BACKTRACE_SYMBOLS 1
#define HAVE_ICONV_OPEN 1
#define HAVE_LANGINFO_H 1
#define HAVE_NL_LANGINFO 1
#define HAVE_STRUCT_TM_TM_GMTOFF 1
#define HAVE_STRPTIME 1
#define HAVE_CHOWN 1
#define HAVE_CHMOD 1
#define HAVE_DECL_AF_UNIX 1
#define HAVE_PERL_PARSE 1
#define HAVE_UTMP_H 1
#define VERSION_STRING "2.10.4"

configure: exit 0
